<?xml version="1.0" encoding="UTF-8"?>
<testsuite xmlns:xsi="http://www.w3.org/2001/XMLSchema-instance" xsi:noNamespaceSchemaLocation="https://maven.apache.org/surefire/maven-surefire-plugin/xsd/surefire-test-report.xsd" name="CreateQueryEndpointTest" time="0.174" tests="1" errors="0" skipped="0" failures="0">
  <properties>
    <property name="gopherProxySet" value="false"/>
    <property name="awt.toolkit" value="sun.lwawt.macosx.LWCToolkit"/>
    <property name="java.specification.version" value="11"/>
    <property name="sun.cpu.isalist" value=""/>
    <property name="sun.jnu.encoding" value="UTF-8"/>
    <property name="java.class.path" value="/Users/emilymorgan/Desktop/flowda/flow-core/target/test-classes:/Users/emilymorgan/Desktop/flowda/flow-core/target/classes:/Users/emilymorgan/.m2/repository/com/google/code/gson/gson/2.9.0/gson-2.9.0.jar:/Users/emilymorgan/.m2/repository/org/infinispan/infinispan-core/14.0.0.Dev03/infinispan-core-14.0.0.Dev03.jar:/Users/emilymorgan/.m2/repository/org/infinispan/protostream/protostream/4.5.0.Dev01/protostream-4.5.0.Dev01.jar:/Users/emilymorgan/.m2/repository/org/infinispan/protostream/protostream-types/4.5.0.Dev01/protostream-types-4.5.0.Dev01.jar:/Users/emilymorgan/.m2/repository/org/jgroups/jgroups/5.2.2.Final/jgroups-5.2.2.Final.jar:/Users/emilymorgan/.m2/repository/com/github/ben-manes/caffeine/caffeine/3.1.0/caffeine-3.1.0.jar:/Users/emilymorgan/.m2/repository/jakarta/transaction/jakarta.transaction-api/1.3.3/jakarta.transaction-api-1.3.3.jar:/Users/emilymorgan/.m2/repository/org/jboss/logging/jboss-logging/3.4.1.Final/jboss-logging-3.4.1.Final.jar:/Users/emilymorgan/.m2/repository/org/jboss/threads/jboss-threads/2.3.3.Final/jboss-threads-2.3.3.Final.jar:/Users/emilymorgan/.m2/repository/org/wildfly/common/wildfly-common/1.3.0.Final/wildfly-common-1.3.0.Final.jar:/Users/emilymorgan/.m2/repository/org/infinispan/infinispan-commons/14.0.0.Dev03/infinispan-commons-14.0.0.Dev03.jar:/Users/emilymorgan/.m2/repository/io/reactivex/rxjava3/rxjava/3.1.3/rxjava-3.1.3.jar:/Users/emilymorgan/.m2/repository/org/reactivestreams/reactive-streams/1.0.3/reactive-streams-1.0.3.jar:/Users/emilymorgan/.m2/repository/org/apache/kafka/kafka-clients/3.2.0/kafka-clients-3.2.0.jar:/Users/emilymorgan/.m2/repository/com/github/luben/zstd-jni/1.5.2-1/zstd-jni-1.5.2-1.jar:/Users/emilymorgan/.m2/repository/org/lz4/lz4-java/1.8.0/lz4-java-1.8.0.jar:/Users/emilymorgan/.m2/repository/org/xerial/snappy/snappy-java/1.1.8.4/snappy-java-1.1.8.4.jar:/Users/emilymorgan/.m2/repository/org/apache/commons/commons-crypto/1.1.0/commons-crypto-1.1.0.jar:/Users/emilymorgan/.m2/repository/net/java/dev/jna/jna/5.5.0/jna-5.5.0.jar:/Users/emilymorgan/.m2/repository/org/mockito/mockito-core/4.6.1/mockito-core-4.6.1.jar:/Users/emilymorgan/.m2/repository/net/bytebuddy/byte-buddy/1.12.10/byte-buddy-1.12.10.jar:/Users/emilymorgan/.m2/repository/net/bytebuddy/byte-buddy-agent/1.12.10/byte-buddy-agent-1.12.10.jar:/Users/emilymorgan/.m2/repository/org/objenesis/objenesis/3.2/objenesis-3.2.jar:/Users/emilymorgan/.m2/repository/io/vertx/vertx-junit5/4.3.2/vertx-junit5-4.3.2.jar:/Users/emilymorgan/.m2/repository/org/junit/jupiter/junit-jupiter-params/5.8.2/junit-jupiter-params-5.8.2.jar:/Users/emilymorgan/.m2/repository/org/junit/jupiter/junit-jupiter-api/5.8.2/junit-jupiter-api-5.8.2.jar:/Users/emilymorgan/.m2/repository/org/opentest4j/opentest4j/1.2.0/opentest4j-1.2.0.jar:/Users/emilymorgan/.m2/repository/org/junit/platform/junit-platform-commons/1.8.2/junit-platform-commons-1.8.2.jar:/Users/emilymorgan/.m2/repository/org/apiguardian/apiguardian-api/1.1.2/apiguardian-api-1.1.2.jar:/Users/emilymorgan/.m2/repository/org/hamcrest/hamcrest-library/1.3/hamcrest-library-1.3.jar:/Users/emilymorgan/.m2/repository/org/hamcrest/hamcrest-core/1.3/hamcrest-core-1.3.jar:/Users/emilymorgan/.m2/repository/org/apache/flink/flink-table-api-java/1.15.0/flink-table-api-java-1.15.0.jar:/Users/emilymorgan/.m2/repository/org/apache/flink/flink-table-common/1.15.0/flink-table-common-1.15.0.jar:/Users/emilymorgan/.m2/repository/com/ibm/icu/icu4j/67.1/icu4j-67.1.jar:/Users/emilymorgan/.m2/repository/com/google/code/findbugs/jsr305/1.3.9/jsr305-1.3.9.jar:/Users/emilymorgan/.m2/repository/org/apache/flink/flink-shaded-force-shading/15.0/flink-shaded-force-shading-15.0.jar:/Users/emilymorgan/.m2/repository/org/apache/flink/flink-core/1.15.0/flink-core-1.15.0.jar:/Users/emilymorgan/.m2/repository/org/apache/flink/flink-annotations/1.15.0/flink-annotations-1.15.0.jar:/Users/emilymorgan/.m2/repository/org/apache/flink/flink-metrics-core/1.15.0/flink-metrics-core-1.15.0.jar:/Users/emilymorgan/.m2/repository/org/apache/flink/flink-shaded-asm-9/9.2-15.0/flink-shaded-asm-9-9.2-15.0.jar:/Users/emilymorgan/.m2/repository/org/apache/commons/commons-lang3/3.3.2/commons-lang3-3.3.2.jar:/Users/emilymorgan/.m2/repository/com/esotericsoftware/kryo/kryo/2.24.0/kryo-2.24.0.jar:/Users/emilymorgan/.m2/repository/com/esotericsoftware/minlog/minlog/1.2/minlog-1.2.jar:/Users/emilymorgan/.m2/repository/commons-collections/commons-collections/3.2.2/commons-collections-3.2.2.jar:/Users/emilymorgan/.m2/repository/org/apache/commons/commons-compress/1.21/commons-compress-1.21.jar:/Users/emilymorgan/.m2/repository/org/apache/flink/flink-shaded-guava/30.1.1-jre-15.0/flink-shaded-guava-30.1.1-jre-15.0.jar:/Users/emilymorgan/.m2/repository/org/apache/flink/flink-streaming-java/1.15.0/flink-streaming-java-1.15.0.jar:/Users/emilymorgan/.m2/repository/org/apache/flink/flink-file-sink-common/1.15.0/flink-file-sink-common-1.15.0.jar:/Users/emilymorgan/.m2/repository/org/apache/flink/flink-runtime/1.15.0/flink-runtime-1.15.0.jar:/Users/emilymorgan/.m2/repository/org/apache/flink/flink-rpc-core/1.15.0/flink-rpc-core-1.15.0.jar:/Users/emilymorgan/.m2/repository/org/apache/flink/flink-rpc-akka-loader/1.15.0/flink-rpc-akka-loader-1.15.0.jar:/Users/emilymorgan/.m2/repository/org/apache/flink/flink-queryable-state-client-java/1.15.0/flink-queryable-state-client-java-1.15.0.jar:/Users/emilymorgan/.m2/repository/org/apache/flink/flink-hadoop-fs/1.15.0/flink-hadoop-fs-1.15.0.jar:/Users/emilymorgan/.m2/repository/commons-io/commons-io/2.11.0/commons-io-2.11.0.jar:/Users/emilymorgan/.m2/repository/org/apache/flink/flink-shaded-netty/4.1.70.Final-15.0/flink-shaded-netty-4.1.70.Final-15.0.jar:/Users/emilymorgan/.m2/repository/org/apache/flink/flink-shaded-jackson/2.12.4-15.0/flink-shaded-jackson-2.12.4-15.0.jar:/Users/emilymorgan/.m2/repository/org/apache/flink/flink-shaded-zookeeper-3/3.5.9-15.0/flink-shaded-zookeeper-3-3.5.9-15.0.jar:/Users/emilymorgan/.m2/repository/org/javassist/javassist/3.24.0-GA/javassist-3.24.0-GA.jar:/Users/emilymorgan/.m2/repository/org/apache/flink/flink-java/1.15.0/flink-java-1.15.0.jar:/Users/emilymorgan/.m2/repository/com/twitter/chill-java/0.7.6/chill-java-0.7.6.jar:/Users/emilymorgan/.m2/repository/org/apache/commons/commons-math3/3.6.1/commons-math3-3.6.1.jar:/Users/emilymorgan/.m2/repository/mysql/mysql-connector-java/8.0.29/mysql-connector-java-8.0.29.jar:/Users/emilymorgan/.m2/repository/com/google/protobuf/protobuf-java/3.19.4/protobuf-java-3.19.4.jar:/Users/emilymorgan/.m2/repository/org/apache/flink/flink-connector-kafka/1.15.0/flink-connector-kafka-1.15.0.jar:/Users/emilymorgan/.m2/repository/org/apache/flink/flink-connector-base/1.15.0/flink-connector-base-1.15.0.jar:/Users/emilymorgan/.m2/repository/org/apache/flink/flink-connector-jdbc/1.15.0/flink-connector-jdbc-1.15.0.jar:/Users/emilymorgan/.m2/repository/org/slf4j/slf4j-api/2.0.0-alpha7/slf4j-api-2.0.0-alpha7.jar:/Users/emilymorgan/.m2/repository/org/slf4j/slf4j-simple/2.0.0-alpha7/slf4j-simple-2.0.0-alpha7.jar:/Users/emilymorgan/.m2/repository/org/junit/jupiter/junit-jupiter-engine/5.4.0/junit-jupiter-engine-5.4.0.jar:/Users/emilymorgan/.m2/repository/org/junit/platform/junit-platform-engine/1.4.0/junit-platform-engine-1.4.0.jar:/Users/emilymorgan/.m2/repository/org/slf4j/slf4j-nop/1.7.21/slf4j-nop-1.7.21.jar:/Users/emilymorgan/.m2/repository/org/apache/flink/flink-clients/1.15.0/flink-clients-1.15.0.jar:/Users/emilymorgan/.m2/repository/org/apache/flink/flink-optimizer/1.15.0/flink-optimizer-1.15.0.jar:/Users/emilymorgan/.m2/repository/commons-cli/commons-cli/1.5.0/commons-cli-1.5.0.jar:/Users/emilymorgan/.m2/repository/org/apache/httpcomponents/httpclient/4.5.13/httpclient-4.5.13.jar:/Users/emilymorgan/.m2/repository/org/apache/httpcomponents/httpcore/4.4.13/httpcore-4.4.13.jar:/Users/emilymorgan/.m2/repository/commons-logging/commons-logging/1.2/commons-logging-1.2.jar:/Users/emilymorgan/.m2/repository/commons-codec/commons-codec/1.11/commons-codec-1.11.jar:/Users/emilymorgan/.m2/repository/io/vertx/vertx-lang-groovy/4.3.1/vertx-lang-groovy-4.3.1.jar:/Users/emilymorgan/.m2/repository/org/apache/groovy/groovy/4.0.2/groovy-4.0.2.jar:/Users/emilymorgan/.m2/repository/org/apache/groovy/groovy-json/4.0.2/groovy-json-4.0.2.jar:/Users/emilymorgan/.m2/repository/io/vertx/vertx-service-proxy/4.3.1/vertx-service-proxy-4.3.1.jar:/Users/emilymorgan/.m2/repository/io/vertx/vertx-service-factory/4.3.1/vertx-service-factory-4.3.1.jar:/Users/emilymorgan/.m2/repository/io/vertx/vertx-codegen/4.3.1/vertx-codegen-4.3.1.jar:/Users/emilymorgan/.m2/repository/io/vertx/vertx-maven-service-factory/4.3.1/vertx-maven-service-factory-4.3.1.jar:/Users/emilymorgan/.m2/repository/org/apache/maven/maven-aether-provider/3.3.1/maven-aether-provider-3.3.1.jar:/Users/emilymorgan/.m2/repository/org/apache/maven/maven-model/3.3.1/maven-model-3.3.1.jar:/Users/emilymorgan/.m2/repository/org/apache/maven/maven-model-builder/3.3.1/maven-model-builder-3.3.1.jar:/Users/emilymorgan/.m2/repository/org/codehaus/plexus/plexus-interpolation/1.21/plexus-interpolation-1.21.jar:/Users/emilymorgan/.m2/repository/org/apache/maven/maven-builder-support/3.3.1/maven-builder-support-3.3.1.jar:/Users/emilymorgan/.m2/repository/org/apache/maven/maven-repository-metadata/3.3.1/maven-repository-metadata-3.3.1.jar:/Users/emilymorgan/.m2/repository/org/codehaus/plexus/plexus-utils/3.0.20/plexus-utils-3.0.20.jar:/Users/emilymorgan/.m2/repository/org/eclipse/aether/aether-api/1.1.0/aether-api-1.1.0.jar:/Users/emilymorgan/.m2/repository/org/eclipse/aether/aether-connector-basic/1.1.0/aether-connector-basic-1.1.0.jar:/Users/emilymorgan/.m2/repository/org/eclipse/aether/aether-transport-file/1.1.0/aether-transport-file-1.1.0.jar:/Users/emilymorgan/.m2/repository/org/eclipse/aether/aether-transport-http/1.1.0/aether-transport-http-1.1.0.jar:/Users/emilymorgan/.m2/repository/org/eclipse/aether/aether-spi/1.1.0/aether-spi-1.1.0.jar:/Users/emilymorgan/.m2/repository/org/eclipse/aether/aether-impl/1.1.0/aether-impl-1.1.0.jar:/Users/emilymorgan/.m2/repository/org/eclipse/aether/aether-util/1.1.0/aether-util-1.1.0.jar:/Users/emilymorgan/.m2/repository/com/google/guava/guava/30.1.1-jre/guava-30.1.1-jre.jar:/Users/emilymorgan/.m2/repository/com/google/guava/failureaccess/1.0.1/failureaccess-1.0.1.jar:/Users/emilymorgan/.m2/repository/com/google/guava/listenablefuture/9999.0-empty-to-avoid-conflict-with-guava/listenablefuture-9999.0-empty-to-avoid-conflict-with-guava.jar:/Users/emilymorgan/.m2/repository/org/checkerframework/checker-qual/3.8.0/checker-qual-3.8.0.jar:/Users/emilymorgan/.m2/repository/com/google/errorprone/error_prone_annotations/2.5.1/error_prone_annotations-2.5.1.jar:/Users/emilymorgan/.m2/repository/com/google/j2objc/j2objc-annotations/1.3/j2objc-annotations-1.3.jar:/Users/emilymorgan/.m2/repository/io/vertx/vertx-http-service-factory/4.3.1/vertx-http-service-factory-4.3.1.jar:/Users/emilymorgan/.m2/repository/org/bouncycastle/bcpg-jdk15on/1.54/bcpg-jdk15on-1.54.jar:/Users/emilymorgan/.m2/repository/org/bouncycastle/bcprov-jdk15on/1.54/bcprov-jdk15on-1.54.jar:/Users/emilymorgan/.m2/repository/io/vertx/vertx-hazelcast/4.3.1/vertx-hazelcast-4.3.1.jar:/Users/emilymorgan/.m2/repository/com/hazelcast/hazelcast/4.2.2/hazelcast-4.2.2.jar:/Users/emilymorgan/.m2/repository/io/vertx/vertx-zookeeper/4.3.1/vertx-zookeeper-4.3.1.jar:/Users/emilymorgan/.m2/repository/org/apache/curator/curator-framework/4.3.0/curator-framework-4.3.0.jar:/Users/emilymorgan/.m2/repository/org/apache/curator/curator-client/4.3.0/curator-client-4.3.0.jar:/Users/emilymorgan/.m2/repository/org/apache/zookeeper/zookeeper/3.5.9/zookeeper-3.5.9.jar:/Users/emilymorgan/.m2/repository/org/apache/zookeeper/zookeeper-jute/3.5.9/zookeeper-jute-3.5.9.jar:/Users/emilymorgan/.m2/repository/org/apache/yetus/audience-annotations/0.5.0/audience-annotations-0.5.0.jar:/Users/emilymorgan/.m2/repository/io/netty/netty-transport-native-epoll/4.1.50.Final/netty-transport-native-epoll-4.1.50.Final.jar:/Users/emilymorgan/.m2/repository/io/netty/netty-transport-native-unix-common/4.1.50.Final/netty-transport-native-unix-common-4.1.50.Final.jar:/Users/emilymorgan/.m2/repository/org/apache/curator/curator-recipes/4.3.0/curator-recipes-4.3.0.jar:/Users/emilymorgan/.m2/repository/org/slf4j/slf4j-log4j12/1.7.25/slf4j-log4j12-1.7.25.jar:/Users/emilymorgan/.m2/repository/log4j/log4j/1.2.17/log4j-1.2.17.jar:/Users/emilymorgan/.m2/repository/io/vertx/vertx-dropwizard-metrics/4.3.1/vertx-dropwizard-metrics-4.3.1.jar:/Users/emilymorgan/.m2/repository/io/dropwizard/metrics/metrics-core/4.2.0/metrics-core-4.2.0.jar:/Users/emilymorgan/.m2/repository/io/vertx/vertx-micrometer-metrics/4.3.1/vertx-micrometer-metrics-4.3.1.jar:/Users/emilymorgan/.m2/repository/io/micrometer/micrometer-core/1.8.4/micrometer-core-1.8.4.jar:/Users/emilymorgan/.m2/repository/org/latencyutils/LatencyUtils/2.0.3/LatencyUtils-2.0.3.jar:/Users/emilymorgan/.m2/repository/org/hdrhistogram/HdrHistogram/2.1.12/HdrHistogram-2.1.12.jar:/Users/emilymorgan/.m2/repository/io/vertx/vertx-zipkin/4.3.1/vertx-zipkin-4.3.1.jar:/Users/emilymorgan/.m2/repository/io/zipkin/brave/brave/5.6.0/brave-5.6.0.jar:/Users/emilymorgan/.m2/repository/io/zipkin/zipkin2/zipkin/2.11.10/zipkin-2.11.10.jar:/Users/emilymorgan/.m2/repository/io/zipkin/reporter2/zipkin-reporter/2.7.13/zipkin-reporter-2.7.13.jar:/Users/emilymorgan/.m2/repository/io/zipkin/brave/brave-instrumentation-http/5.6.0/brave-instrumentation-http-5.6.0.jar:/Users/emilymorgan/.m2/repository/io/vertx/vertx-opentracing/4.3.1/vertx-opentracing-4.3.1.jar:/Users/emilymorgan/.m2/repository/io/jaegertracing/jaeger-client/1.0.0/jaeger-client-1.0.0.jar:/Users/emilymorgan/.m2/repository/io/jaegertracing/jaeger-thrift/1.0.0/jaeger-thrift-1.0.0.jar:/Users/emilymorgan/.m2/repository/org/apache/thrift/libthrift/0.12.0/libthrift-0.12.0.jar:/Users/emilymorgan/.m2/repository/com/squareup/okhttp3/okhttp/3.9.0/okhttp-3.9.0.jar:/Users/emilymorgan/.m2/repository/com/squareup/okio/okio/1.13.0/okio-1.13.0.jar:/Users/emilymorgan/.m2/repository/io/jaegertracing/jaeger-core/1.0.0/jaeger-core-1.0.0.jar:/Users/emilymorgan/.m2/repository/io/opentracing/opentracing-api/0.33.0/opentracing-api-0.33.0.jar:/Users/emilymorgan/.m2/repository/io/opentracing/opentracing-util/0.33.0/opentracing-util-0.33.0.jar:/Users/emilymorgan/.m2/repository/io/opentracing/opentracing-noop/0.33.0/opentracing-noop-0.33.0.jar:/Users/emilymorgan/.m2/repository/io/jaegertracing/jaeger-tracerresolver/1.0.0/jaeger-tracerresolver-1.0.0.jar:/Users/emilymorgan/.m2/repository/io/opentracing/contrib/opentracing-tracerresolver/0.1.8/opentracing-tracerresolver-0.1.8.jar:/Users/emilymorgan/.m2/repository/io/vertx/vertx-opentelemetry/4.3.1/vertx-opentelemetry-4.3.1.jar:/Users/emilymorgan/.m2/repository/io/opentelemetry/opentelemetry-api/1.13.0/opentelemetry-api-1.13.0.jar:/Users/emilymorgan/.m2/repository/io/opentelemetry/opentelemetry-context/1.13.0/opentelemetry-context-1.13.0.jar:/Users/emilymorgan/.m2/repository/io/opentelemetry/opentelemetry-sdk/1.13.0/opentelemetry-sdk-1.13.0.jar:/Users/emilymorgan/.m2/repository/io/opentelemetry/opentelemetry-sdk-common/1.13.0/opentelemetry-sdk-common-1.13.0.jar:/Users/emilymorgan/.m2/repository/io/opentelemetry/opentelemetry-sdk-metrics/1.13.0-alpha/opentelemetry-sdk-metrics-1.13.0-alpha.jar:/Users/emilymorgan/.m2/repository/io/opentelemetry/opentelemetry-sdk-logs/1.13.0-alpha/opentelemetry-sdk-logs-1.13.0-alpha.jar:/Users/emilymorgan/.m2/repository/io/opentelemetry/opentelemetry-sdk-trace/1.13.0/opentelemetry-sdk-trace-1.13.0.jar:/Users/emilymorgan/.m2/repository/io/opentelemetry/opentelemetry-semconv/1.13.0-alpha/opentelemetry-semconv-1.13.0-alpha.jar:/Users/emilymorgan/.m2/repository/io/vertx/vertx-reactive-streams/4.3.1/vertx-reactive-streams-4.3.1.jar:/Users/emilymorgan/.m2/repository/io/vertx/vertx-rx-java/4.3.1/vertx-rx-java-4.3.1.jar:/Users/emilymorgan/.m2/repository/io/vertx/vertx-rx-java-gen/4.3.1/vertx-rx-java-gen-4.3.1.jar:/Users/emilymorgan/.m2/repository/io/reactivex/rxjava/1.3.8/rxjava-1.3.8.jar:/Users/emilymorgan/.m2/repository/io/vertx/vertx-rx-gen/4.3.1/vertx-rx-gen-4.3.1.jar:/Users/emilymorgan/.m2/repository/io/vertx/vertx-rx-java2/4.3.1/vertx-rx-java2-4.3.1.jar:/Users/emilymorgan/.m2/repository/io/vertx/vertx-rx-java2-gen/4.3.1/vertx-rx-java2-gen-4.3.1.jar:/Users/emilymorgan/.m2/repository/io/reactivex/rxjava2/rxjava/2.2.21/rxjava-2.2.21.jar:/Users/emilymorgan/.m2/repository/io/vertx/vertx-rx-java3/4.3.1/vertx-rx-java3-4.3.1.jar:/Users/emilymorgan/.m2/repository/io/vertx/vertx-rx-java3-gen/4.3.1/vertx-rx-java3-gen-4.3.1.jar:/Users/emilymorgan/.m2/repository/io/vertx/vertx-consul-client/4.3.1/vertx-consul-client-4.3.1.jar:/Users/emilymorgan/.m2/repository/io/vertx/vertx-cassandra-client/4.3.1/vertx-cassandra-client-4.3.1.jar:/Users/emilymorgan/.m2/repository/com/datastax/oss/java-driver-core/4.11.1/java-driver-core-4.11.1.jar:/Users/emilymorgan/.m2/repository/com/datastax/oss/native-protocol/1.5.0/native-protocol-1.5.0.jar:/Users/emilymorgan/.m2/repository/com/datastax/oss/java-driver-shaded-guava/25.1-jre-graal-sub-1/java-driver-shaded-guava-25.1-jre-graal-sub-1.jar:/Users/emilymorgan/.m2/repository/com/github/jnr/jnr-posix/3.1.5/jnr-posix-3.1.5.jar:/Users/emilymorgan/.m2/repository/com/github/jnr/jnr-ffi/2.2.2/jnr-ffi-2.2.2.jar:/Users/emilymorgan/.m2/repository/com/github/jnr/jffi/1.3.1/jffi-1.3.1.jar:/Users/emilymorgan/.m2/repository/com/github/jnr/jffi/1.3.1/jffi-1.3.1-native.jar:/Users/emilymorgan/.m2/repository/org/ow2/asm/asm/9.1/asm-9.1.jar:/Users/emilymorgan/.m2/repository/org/ow2/asm/asm-commons/9.1/asm-commons-9.1.jar:/Users/emilymorgan/.m2/repository/org/ow2/asm/asm-analysis/9.1/asm-analysis-9.1.jar:/Users/emilymorgan/.m2/repository/org/ow2/asm/asm-tree/9.1/asm-tree-9.1.jar:/Users/emilymorgan/.m2/repository/org/ow2/asm/asm-util/9.1/asm-util-9.1.jar:/Users/emilymorgan/.m2/repository/com/github/jnr/jnr-a64asm/1.0.0/jnr-a64asm-1.0.0.jar:/Users/emilymorgan/.m2/repository/com/github/jnr/jnr-x86asm/1.0.2/jnr-x86asm-1.0.2.jar:/Users/emilymorgan/.m2/repository/com/github/jnr/jnr-constants/0.10.1/jnr-constants-0.10.1.jar:/Users/emilymorgan/.m2/repository/com/esri/geometry/esri-geometry-api/1.2.1/esri-geometry-api-1.2.1.jar:/Users/emilymorgan/.m2/repository/org/json/json/20090211/json-20090211.jar:/Users/emilymorgan/.m2/repository/org/codehaus/jackson/jackson-core-asl/1.9.12/jackson-core-asl-1.9.12.jar:/Users/emilymorgan/.m2/repository/com/github/stephenc/jcip/jcip-annotations/1.0-1/jcip-annotations-1.0-1.jar:/Users/emilymorgan/.m2/repository/com/github/spotbugs/spotbugs-annotations/3.1.12/spotbugs-annotations-3.1.12.jar:/Users/emilymorgan/.m2/repository/io/vertx/vertx-mongo-client/4.3.1/vertx-mongo-client-4.3.1.jar:/Users/emilymorgan/.m2/repository/org/mongodb/mongodb-driver-reactivestreams/4.1.2/mongodb-driver-reactivestreams-4.1.2.jar:/Users/emilymorgan/.m2/repository/org/mongodb/bson/4.1.2/bson-4.1.2.jar:/Users/emilymorgan/.m2/repository/org/mongodb/mongodb-driver-core/4.1.2/mongodb-driver-core-4.1.2.jar:/Users/emilymorgan/.m2/repository/org/apache/commons/commons-collections4/4.2/commons-collections4-4.2.jar:/Users/emilymorgan/.m2/repository/io/vertx/vertx-jdbc-client/4.3.1/vertx-jdbc-client-4.3.1.jar:/Users/emilymorgan/.m2/repository/com/mchange/c3p0/0.9.5.5/c3p0-0.9.5.5.jar:/Users/emilymorgan/.m2/repository/com/mchange/mchange-commons-java/0.2.19/mchange-commons-java-0.2.19.jar:/Users/emilymorgan/.m2/repository/io/vertx/vertx-auth-common/4.3.1/vertx-auth-common-4.3.1.jar:/Users/emilymorgan/.m2/repository/io/vertx/vertx-auth-htdigest/4.3.1/vertx-auth-htdigest-4.3.1.jar:/Users/emilymorgan/.m2/repository/io/vertx/vertx-auth-htpasswd/4.3.1/vertx-auth-htpasswd-4.3.1.jar:/Users/emilymorgan/.m2/repository/io/vertx/vertx-auth-jwt/4.3.1/vertx-auth-jwt-4.3.1.jar:/Users/emilymorgan/.m2/repository/io/vertx/vertx-auth-jdbc/4.3.1/vertx-auth-jdbc-4.3.1.jar:/Users/emilymorgan/.m2/repository/io/vertx/vertx-auth-shiro/4.3.1/vertx-auth-shiro-4.3.1.jar:/Users/emilymorgan/.m2/repository/org/apache/shiro/shiro-core/1.8.0/shiro-core-1.8.0.jar:/Users/emilymorgan/.m2/repository/org/apache/shiro/shiro-lang/1.8.0/shiro-lang-1.8.0.jar:/Users/emilymorgan/.m2/repository/org/apache/shiro/shiro-cache/1.8.0/shiro-cache-1.8.0.jar:/Users/emilymorgan/.m2/repository/org/apache/shiro/shiro-crypto-hash/1.8.0/shiro-crypto-hash-1.8.0.jar:/Users/emilymorgan/.m2/repository/org/apache/shiro/shiro-crypto-core/1.8.0/shiro-crypto-core-1.8.0.jar:/Users/emilymorgan/.m2/repository/org/apache/shiro/shiro-crypto-cipher/1.8.0/shiro-crypto-cipher-1.8.0.jar:/Users/emilymorgan/.m2/repository/org/apache/shiro/shiro-config-core/1.8.0/shiro-config-core-1.8.0.jar:/Users/emilymorgan/.m2/repository/org/apache/shiro/shiro-config-ogdl/1.8.0/shiro-config-ogdl-1.8.0.jar:/Users/emilymorgan/.m2/repository/commons-beanutils/commons-beanutils/1.9.4/commons-beanutils-1.9.4.jar:/Users/emilymorgan/.m2/repository/org/apache/shiro/shiro-event/1.8.0/shiro-event-1.8.0.jar:/Users/emilymorgan/.m2/repository/io/vertx/vertx-auth-oauth2/4.3.1/vertx-auth-oauth2-4.3.1.jar:/Users/emilymorgan/.m2/repository/io/vertx/vertx-auth-mongo/4.3.1/vertx-auth-mongo-4.3.1.jar:/Users/emilymorgan/.m2/repository/io/vertx/vertx-auth-properties/4.3.1/vertx-auth-properties-4.3.1.jar:/Users/emilymorgan/.m2/repository/io/vertx/vertx-auth-ldap/4.3.1/vertx-auth-ldap-4.3.1.jar:/Users/emilymorgan/.m2/repository/io/vertx/vertx-auth-webauthn/4.3.1/vertx-auth-webauthn-4.3.1.jar:/Users/emilymorgan/.m2/repository/com/fasterxml/jackson/dataformat/jackson-dataformat-cbor/2.13.2/jackson-dataformat-cbor-2.13.2.jar:/Users/emilymorgan/.m2/repository/io/vertx/vertx-auth-sql-client/4.3.1/vertx-auth-sql-client-4.3.1.jar:/Users/emilymorgan/.m2/repository/io/vertx/vertx-auth-otp/4.3.1/vertx-auth-otp-4.3.1.jar:/Users/emilymorgan/.m2/repository/io/vertx/vertx-web-common/4.3.1/vertx-web-common-4.3.1.jar:/Users/emilymorgan/.m2/repository/io/vertx/vertx-web-api-contract/4.3.1/vertx-web-api-contract-4.3.1.jar:/Users/emilymorgan/.m2/repository/com/fasterxml/jackson/core/jackson-databind/2.13.2.1/jackson-databind-2.13.2.1.jar:/Users/emilymorgan/.m2/repository/com/networknt/json-schema-validator/1.0.43/json-schema-validator-1.0.43.jar:/Users/emilymorgan/.m2/repository/org/jruby/joni/joni/2.1.31/joni-2.1.31.jar:/Users/emilymorgan/.m2/repository/org/jruby/jcodings/jcodings/1.0.46/jcodings-1.0.46.jar:/Users/emilymorgan/.m2/repository/io/swagger/parser/v3/swagger-parser-v3/2.0.21/swagger-parser-v3-2.0.21.jar:/Users/emilymorgan/.m2/repository/io/swagger/core/v3/swagger-models/2.1.4/swagger-models-2.1.4.jar:/Users/emilymorgan/.m2/repository/io/swagger/core/v3/swagger-core/2.1.4/swagger-core-2.1.4.jar:/Users/emilymorgan/.m2/repository/jakarta/xml/bind/jakarta.xml.bind-api/2.3.2/jakarta.xml.bind-api-2.3.2.jar:/Users/emilymorgan/.m2/repository/jakarta/activation/jakarta.activation-api/1.2.1/jakarta.activation-api-1.2.1.jar:/Users/emilymorgan/.m2/repository/com/fasterxml/jackson/datatype/jackson-datatype-jsr310/2.11.1/jackson-datatype-jsr310-2.11.1.jar:/Users/emilymorgan/.m2/repository/io/swagger/core/v3/swagger-annotations/2.1.4/swagger-annotations-2.1.4.jar:/Users/emilymorgan/.m2/repository/jakarta/validation/jakarta.validation-api/2.0.2/jakarta.validation-api-2.0.2.jar:/Users/emilymorgan/.m2/repository/io/swagger/parser/v3/swagger-parser-core/2.0.21/swagger-parser-core-2.0.21.jar:/Users/emilymorgan/.m2/repository/com/fasterxml/jackson/dataformat/jackson-dataformat-yaml/2.13.2/jackson-dataformat-yaml-2.13.2.jar:/Users/emilymorgan/.m2/repository/org/yaml/snakeyaml/1.30/snakeyaml-1.30.jar:/Users/emilymorgan/.m2/repository/io/vertx/vertx-web-api-service/4.3.1/vertx-web-api-service-4.3.1.jar:/Users/emilymorgan/.m2/repository/io/vertx/vertx-web-openapi/4.3.1/vertx-web-openapi-4.3.1.jar:/Users/emilymorgan/.m2/repository/io/vertx/vertx-web-sstore-cookie/4.3.1/vertx-web-sstore-cookie-4.3.1.jar:/Users/emilymorgan/.m2/repository/io/vertx/vertx-web-sstore-redis/4.3.1/vertx-web-sstore-redis-4.3.1.jar:/Users/emilymorgan/.m2/repository/io/vertx/vertx-web-sstore-infinispan/4.3.1/vertx-web-sstore-infinispan-4.3.1.jar:/Users/emilymorgan/.m2/repository/org/infinispan/infinispan-client-hotrod/13.0.8.Final/infinispan-client-hotrod-13.0.8.Final.jar:/Users/emilymorgan/.m2/repository/org/wildfly/security/wildfly-elytron-sasl-digest/1.17.2.Final/wildfly-elytron-sasl-digest-1.17.2.Final.jar:/Users/emilymorgan/.m2/repository/org/wildfly/security/wildfly-elytron-auth-server/1.17.2.Final/wildfly-elytron-auth-server-1.17.2.Final.jar:/Users/emilymorgan/.m2/repository/org/wildfly/security/wildfly-elytron-auth/1.17.2.Final/wildfly-elytron-auth-1.17.2.Final.jar:/Users/emilymorgan/.m2/repository/org/wildfly/security/wildfly-elytron-base/1.17.2.Final/wildfly-elytron-base-1.17.2.Final.jar:/Users/emilymorgan/.m2/repository/org/wildfly/security/wildfly-elytron-permission/1.17.2.Final/wildfly-elytron-permission-1.17.2.Final.jar:/Users/emilymorgan/.m2/repository/org/wildfly/security/wildfly-elytron-x500/1.17.2.Final/wildfly-elytron-x500-1.17.2.Final.jar:/Users/emilymorgan/.m2/repository/org/wildfly/security/wildfly-elytron-credential/1.17.2.Final/wildfly-elytron-credential-1.17.2.Final.jar:/Users/emilymorgan/.m2/repository/org/wildfly/security/wildfly-elytron-keystore/1.17.2.Final/wildfly-elytron-keystore-1.17.2.Final.jar:/Users/emilymorgan/.m2/repository/org/wildfly/security/wildfly-elytron-x500-cert/1.17.2.Final/wildfly-elytron-x500-cert-1.17.2.Final.jar:/Users/emilymorgan/.m2/repository/org/wildfly/security/wildfly-elytron-x500-cert-util/1.17.2.Final/wildfly-elytron-x500-cert-util-1.17.2.Final.jar:/Users/emilymorgan/.m2/repository/org/apache/sshd/sshd-common/2.3.0/sshd-common-2.3.0.jar:/Users/emilymorgan/.m2/repository/org/wildfly/security/wildfly-elytron-provider-util/1.17.2.Final/wildfly-elytron-provider-util-1.17.2.Final.jar:/Users/emilymorgan/.m2/repository/org/wildfly/security/wildfly-elytron-mechanism/1.17.2.Final/wildfly-elytron-mechanism-1.17.2.Final.jar:/Users/emilymorgan/.m2/repository/org/wildfly/security/wildfly-elytron-http/1.17.2.Final/wildfly-elytron-http-1.17.2.Final.jar:/Users/emilymorgan/.m2/repository/org/wildfly/security/wildfly-elytron-mechanism-digest/1.17.2.Final/wildfly-elytron-mechanism-digest-1.17.2.Final.jar:/Users/emilymorgan/.m2/repository/org/wildfly/security/wildfly-elytron-sasl/1.17.2.Final/wildfly-elytron-sasl-1.17.2.Final.jar:/Users/emilymorgan/.m2/repository/org/wildfly/security/wildfly-elytron-ssl/1.17.2.Final/wildfly-elytron-ssl-1.17.2.Final.jar:/Users/emilymorgan/.m2/repository/org/wildfly/security/wildfly-elytron-util/1.17.2.Final/wildfly-elytron-util-1.17.2.Final.jar:/Users/emilymorgan/.m2/repository/org/wildfly/security/wildfly-elytron-sasl-external/1.17.2.Final/wildfly-elytron-sasl-external-1.17.2.Final.jar:/Users/emilymorgan/.m2/repository/org/wildfly/security/wildfly-elytron-sasl-gs2/1.17.2.Final/wildfly-elytron-sasl-gs2-1.17.2.Final.jar:/Users/emilymorgan/.m2/repository/org/wildfly/security/wildfly-elytron-asn1/1.17.2.Final/wildfly-elytron-asn1-1.17.2.Final.jar:/Users/emilymorgan/.m2/repository/org/wildfly/security/wildfly-elytron-mechanism-gssapi/1.17.2.Final/wildfly-elytron-mechanism-gssapi-1.17.2.Final.jar:/Users/emilymorgan/.m2/repository/org/wildfly/security/wildfly-elytron-security-manager-action/1.17.2.Final/wildfly-elytron-security-manager-action-1.17.2.Final.jar:/Users/emilymorgan/.m2/repository/org/wildfly/security/wildfly-elytron-sasl-gssapi/1.17.2.Final/wildfly-elytron-sasl-gssapi-1.17.2.Final.jar:/Users/emilymorgan/.m2/repository/org/wildfly/security/wildfly-elytron-sasl-oauth2/1.17.2.Final/wildfly-elytron-sasl-oauth2-1.17.2.Final.jar:/Users/emilymorgan/.m2/repository/org/wildfly/security/wildfly-elytron-mechanism-oauth2/1.17.2.Final/wildfly-elytron-mechanism-oauth2-1.17.2.Final.jar:/Users/emilymorgan/.m2/repository/org/wildfly/security/wildfly-elytron-sasl-plain/1.17.2.Final/wildfly-elytron-sasl-plain-1.17.2.Final.jar:/Users/emilymorgan/.m2/repository/org/wildfly/security/wildfly-elytron-sasl-scram/1.17.2.Final/wildfly-elytron-sasl-scram-1.17.2.Final.jar:/Users/emilymorgan/.m2/repository/org/wildfly/security/wildfly-elytron-mechanism-scram/1.17.2.Final/wildfly-elytron-mechanism-scram-1.17.2.Final.jar:/Users/emilymorgan/.m2/repository/org/wildfly/security/wildfly-elytron-password-impl/1.17.2.Final/wildfly-elytron-password-impl-1.17.2.Final.jar:/Users/emilymorgan/.m2/repository/io/netty/netty-transport-native-epoll/4.1.72.Final/netty-transport-native-epoll-4.1.72.Final-linux-x86_64.jar:/Users/emilymorgan/.m2/repository/io/netty/netty-transport-classes-epoll/4.1.72.Final/netty-transport-classes-epoll-4.1.72.Final.jar:/Users/emilymorgan/.m2/repository/io/vertx/vertx-web-templ-thymeleaf/4.3.1/vertx-web-templ-thymeleaf-4.3.1-shaded.jar:/Users/emilymorgan/.m2/repository/org/thymeleaf/thymeleaf/3.0.11.RELEASE/thymeleaf-3.0.11.RELEASE.jar:/Users/emilymorgan/.m2/repository/ognl/ognl/3.1.12/ognl-3.1.12.jar:/Users/emilymorgan/.m2/repository/org/attoparser/attoparser/2.0.5.RELEASE/attoparser-2.0.5.RELEASE.jar:/Users/emilymorgan/.m2/repository/org/unbescape/unbescape/1.1.6.RELEASE/unbescape-1.1.6.RELEASE.jar:/Users/emilymorgan/.m2/repository/io/vertx/vertx-web-templ-handlebars/4.3.1/vertx-web-templ-handlebars-4.3.1-shaded.jar:/Users/emilymorgan/.m2/repository/com/github/jknack/handlebars/4.3.0/handlebars-4.3.0.jar:/Users/emilymorgan/.m2/repository/io/vertx/vertx-web-templ-jade/4.3.1/vertx-web-templ-jade-4.3.1-shaded.jar:/Users/emilymorgan/.m2/repository/de/neuland-bfi/jade4j/1.3.2/jade4j-1.3.2.jar:/Users/emilymorgan/.m2/repository/org/apache/commons/commons-jexl/2.1.1/commons-jexl-2.1.1.jar:/Users/emilymorgan/.m2/repository/com/googlecode/concurrentlinkedhashmap/concurrentlinkedhashmap-lru/1.4.2/concurrentlinkedhashmap-lru-1.4.2.jar:/Users/emilymorgan/.m2/repository/com/vladsch/flexmark/flexmark/0.42.14/flexmark-0.42.14.jar:/Users/emilymorgan/.m2/repository/com/vladsch/flexmark/flexmark-util/0.42.14/flexmark-util-0.42.14.jar:/Users/emilymorgan/.m2/repository/io/vertx/vertx-web-templ-mvel/4.3.1/vertx-web-templ-mvel-4.3.1-shaded.jar:/Users/emilymorgan/.m2/repository/org/mvel/mvel2/2.3.1.Final/mvel2-2.3.1.Final.jar:/Users/emilymorgan/.m2/repository/io/vertx/vertx-web-templ-pebble/4.3.1/vertx-web-templ-pebble-4.3.1-shaded.jar:/Users/emilymorgan/.m2/repository/io/pebbletemplates/pebble/3.1.0/pebble-3.1.0.jar:/Users/emilymorgan/.m2/repository/io/vertx/vertx-web-templ-freemarker/4.3.1/vertx-web-templ-freemarker-4.3.1-shaded.jar:/Users/emilymorgan/.m2/repository/org/freemarker/freemarker/2.3.29/freemarker-2.3.29.jar:/Users/emilymorgan/.m2/repository/io/vertx/vertx-web-templ-rocker/4.3.1/vertx-web-templ-rocker-4.3.1-shaded.jar:/Users/emilymorgan/.m2/repository/com/fizzed/rocker-runtime/1.3.0/rocker-runtime-1.3.0.jar:/Users/emilymorgan/.m2/repository/io/vertx/vertx-web-templ-httl/4.3.1/vertx-web-templ-httl-4.3.1-shaded.jar:/Users/emilymorgan/.m2/repository/org/perfcake/httl/1.0.12/httl-1.0.12.jar:/Users/emilymorgan/.m2/repository/io/vertx/vertx-web-graphql/4.3.1/vertx-web-graphql-4.3.1.jar:/Users/emilymorgan/.m2/repository/com/graphql-java/graphql-java/18.1/graphql-java-18.1.jar:/Users/emilymorgan/.m2/repository/com/graphql-java/java-dataloader/3.1.2/java-dataloader-3.1.2.jar:/Users/emilymorgan/.m2/repository/org/antlr/antlr4-runtime/4.9.3/antlr4-runtime-4.9.3.jar:/Users/emilymorgan/.m2/repository/io/vertx/vertx-web-proxy/4.3.1/vertx-web-proxy-4.3.1.jar:/Users/emilymorgan/.m2/repository/io/vertx/vertx-web-validation/4.3.1/vertx-web-validation-4.3.1.jar:/Users/emilymorgan/.m2/repository/io/vertx/vertx-sockjs-service-proxy/4.3.1/vertx-sockjs-service-proxy-4.3.1.jar:/Users/emilymorgan/.m2/repository/io/vertx/vertx-mail-client/4.3.1/vertx-mail-client-4.3.1.jar:/Users/emilymorgan/.m2/repository/io/vertx/vertx-redis-client/4.3.1/vertx-redis-client-4.3.1.jar:/Users/emilymorgan/.m2/repository/io/vertx/vertx-shell/4.3.1/vertx-shell-4.3.1.jar:/Users/emilymorgan/.m2/repository/io/termd/termd-core/1.1.6/termd-core-1.1.6.jar:/Users/emilymorgan/.m2/repository/org/apache/sshd/sshd-core/1.2.0/sshd-core-1.2.0.jar:/Users/emilymorgan/.m2/repository/io/vertx/vertx-sync/4.3.1/vertx-sync-4.3.1.jar:/Users/emilymorgan/.m2/repository/co/paralleluniverse/quasar-core/0.7.10/quasar-core-0.7.10-jdk8.jar:/Users/emilymorgan/.m2/repository/com/esotericsoftware/kryo/4.0.0/kryo-4.0.0.jar:/Users/emilymorgan/.m2/repository/com/esotericsoftware/reflectasm/1.11.3/reflectasm-1.11.3.jar:/Users/emilymorgan/.m2/repository/com/esotericsoftware/minlog/1.3.0/minlog-1.3.0.jar:/Users/emilymorgan/.m2/repository/de/javakaffee/kryo-serializers/0.42/kryo-serializers-0.42.jar:/Users/emilymorgan/.m2/repository/io/vertx/vertx-stomp/4.3.1/vertx-stomp-4.3.1.jar:/Users/emilymorgan/.m2/repository/io/vertx/vertx-infinispan/4.3.1/vertx-infinispan-4.3.1.jar:/Users/emilymorgan/.m2/repository/org/infinispan/infinispan-multimap/13.0.8.Final/infinispan-multimap-13.0.8.Final.jar:/Users/emilymorgan/.m2/repository/org/infinispan/infinispan-clustered-lock/13.0.8.Final/infinispan-clustered-lock-13.0.8.Final.jar:/Users/emilymorgan/.m2/repository/org/infinispan/infinispan-clustered-counter/13.0.8.Final/infinispan-clustered-counter-13.0.8.Final.jar:/Users/emilymorgan/.m2/repository/io/vertx/vertx-bridge-common/4.3.1/vertx-bridge-common-4.3.1.jar:/Users/emilymorgan/.m2/repository/io/vertx/vertx-tcp-eventbus-bridge/4.3.1/vertx-tcp-eventbus-bridge-4.3.1.jar:/Users/emilymorgan/.m2/repository/io/vertx/vertx-sql-client/4.3.1/vertx-sql-client-4.3.1.jar:/Users/emilymorgan/.m2/repository/io/vertx/vertx-pg-client/4.3.1/vertx-pg-client-4.3.1.jar:/Users/emilymorgan/.m2/repository/io/vertx/vertx-mysql-client/4.3.1/vertx-mysql-client-4.3.1.jar:/Users/emilymorgan/.m2/repository/io/vertx/vertx-db2-client/4.3.1/vertx-db2-client-4.3.1.jar:/Users/emilymorgan/.m2/repository/io/vertx/vertx-mssql-client/4.3.1/vertx-mssql-client-4.3.1.jar:/Users/emilymorgan/.m2/repository/io/vertx/vertx-oracle-client/4.3.1/vertx-oracle-client-4.3.1.jar:/Users/emilymorgan/.m2/repository/com/oracle/database/jdbc/ojdbc11/21.4.0.0/ojdbc11-21.4.0.0.jar:/Users/emilymorgan/.m2/repository/io/vertx/vertx-sql-client-templates/4.3.1/vertx-sql-client-templates-4.3.1.jar:/Users/emilymorgan/.m2/repository/io/vertx/vertx-camel-bridge/4.3.1/vertx-camel-bridge-4.3.1.jar:/Users/emilymorgan/.m2/repository/org/apache/camel/camel-core/3.0.1/camel-core-3.0.1.jar:/Users/emilymorgan/.m2/repository/org/apache/camel/camel-core-engine/3.0.1/camel-core-engine-3.0.1.jar:/Users/emilymorgan/.m2/repository/org/apache/camel/spi-annotations/3.0.1/spi-annotations-3.0.1.jar:/Users/emilymorgan/.m2/repository/org/apache/camel/camel-api/3.0.1/camel-api-3.0.1.jar:/Users/emilymorgan/.m2/repository/org/apache/camel/camel-base/3.0.1/camel-base-3.0.1.jar:/Users/emilymorgan/.m2/repository/org/apache/camel/camel-jaxp/3.0.1/camel-jaxp-3.0.1.jar:/Users/emilymorgan/.m2/repository/org/apache/camel/camel-management-api/3.0.1/camel-management-api-3.0.1.jar:/Users/emilymorgan/.m2/repository/org/apache/camel/camel-support/3.0.1/camel-support-3.0.1.jar:/Users/emilymorgan/.m2/repository/org/apache/camel/camel-util/3.0.1/camel-util-3.0.1.jar:/Users/emilymorgan/.m2/repository/org/apache/camel/camel-util-json/3.0.1/camel-util-json-3.0.1.jar:/Users/emilymorgan/.m2/repository/org/apache/camel/camel-bean/3.0.1/camel-bean-3.0.1.jar:/Users/emilymorgan/.m2/repository/org/apache/camel/camel-browse/3.0.1/camel-browse-3.0.1.jar:/Users/emilymorgan/.m2/repository/org/apache/camel/camel-caffeine-lrucache/3.0.1/camel-caffeine-lrucache-3.0.1.jar:/Users/emilymorgan/.m2/repository/org/apache/camel/camel-controlbus/3.0.1/camel-controlbus-3.0.1.jar:/Users/emilymorgan/.m2/repository/org/apache/camel/camel-dataformat/3.0.1/camel-dataformat-3.0.1.jar:/Users/emilymorgan/.m2/repository/org/apache/camel/camel-dataset/3.0.1/camel-dataset-3.0.1.jar:/Users/emilymorgan/.m2/repository/org/apache/camel/camel-direct/3.0.1/camel-direct-3.0.1.jar:/Users/emilymorgan/.m2/repository/org/apache/camel/camel-directvm/3.0.1/camel-directvm-3.0.1.jar:/Users/emilymorgan/.m2/repository/org/apache/camel/camel-file/3.0.1/camel-file-3.0.1.jar:/Users/emilymorgan/.m2/repository/org/apache/camel/camel-language/3.0.1/camel-language-3.0.1.jar:/Users/emilymorgan/.m2/repository/org/apache/camel/camel-log/3.0.1/camel-log-3.0.1.jar:/Users/emilymorgan/.m2/repository/org/apache/camel/camel-mock/3.0.1/camel-mock-3.0.1.jar:/Users/emilymorgan/.m2/repository/org/apache/camel/camel-ref/3.0.1/camel-ref-3.0.1.jar:/Users/emilymorgan/.m2/repository/org/apache/camel/camel-rest/3.0.1/camel-rest-3.0.1.jar:/Users/emilymorgan/.m2/repository/org/apache/camel/camel-saga/3.0.1/camel-saga-3.0.1.jar:/Users/emilymorgan/.m2/repository/org/apache/camel/camel-scheduler/3.0.1/camel-scheduler-3.0.1.jar:/Users/emilymorgan/.m2/repository/org/apache/camel/camel-seda/3.0.1/camel-seda-3.0.1.jar:/Users/emilymorgan/.m2/repository/org/apache/camel/camel-stub/3.0.1/camel-stub-3.0.1.jar:/Users/emilymorgan/.m2/repository/org/apache/camel/camel-timer/3.0.1/camel-timer-3.0.1.jar:/Users/emilymorgan/.m2/repository/org/apache/camel/camel-validator/3.0.1/camel-validator-3.0.1.jar:/Users/emilymorgan/.m2/repository/org/apache/camel/camel-vm/3.0.1/camel-vm-3.0.1.jar:/Users/emilymorgan/.m2/repository/org/apache/camel/camel-xpath/3.0.1/camel-xpath-3.0.1.jar:/Users/emilymorgan/.m2/repository/org/apache/camel/camel-xslt/3.0.1/camel-xslt-3.0.1.jar:/Users/emilymorgan/.m2/repository/org/fusesource/hawtbuf/hawtbuf/1.11/hawtbuf-1.11.jar:/Users/emilymorgan/.m2/repository/io/vertx/vertx-ignite/4.3.1/vertx-ignite-4.3.1.jar:/Users/emilymorgan/.m2/repository/org/apache/ignite/ignite-core/2.13.0/ignite-core-2.13.0.jar:/Users/emilymorgan/.m2/repository/javax/cache/cache-api/1.0.0/cache-api-1.0.0.jar:/Users/emilymorgan/.m2/repository/org/jetbrains/annotations/16.0.3/annotations-16.0.3.jar:/Users/emilymorgan/.m2/repository/io/vertx/vertx-rabbitmq-client/4.3.1/vertx-rabbitmq-client-4.3.1.jar:/Users/emilymorgan/.m2/repository/com/rabbitmq/amqp-client/5.10.0/amqp-client-5.10.0.jar:/Users/emilymorgan/.m2/repository/io/vertx/vertx-service-discovery/4.3.1/vertx-service-discovery-4.3.1.jar:/Users/emilymorgan/.m2/repository/io/vertx/vertx-circuit-breaker/4.3.1/vertx-circuit-breaker-4.3.1.jar:/Users/emilymorgan/.m2/repository/io/vertx/vertx-service-discovery-bridge-kubernetes/4.3.1/vertx-service-discovery-bridge-kubernetes-4.3.1.jar:/Users/emilymorgan/.m2/repository/io/vertx/vertx-service-discovery-bridge-docker-links/4.3.1/vertx-service-discovery-bridge-docker-links-4.3.1.jar:/Users/emilymorgan/.m2/repository/io/vertx/vertx-service-discovery-bridge-docker/4.3.1/vertx-service-discovery-bridge-docker-4.3.1.jar:/Users/emilymorgan/.m2/repository/com/github/docker-java/docker-java-core/3.2.12/docker-java-core-3.2.12.jar:/Users/emilymorgan/.m2/repository/com/github/docker-java/docker-java-api/3.2.12/docker-java-api-3.2.12.jar:/Users/emilymorgan/.m2/repository/com/github/docker-java/docker-java-transport/3.2.12/docker-java-transport-3.2.12.jar:/Users/emilymorgan/.m2/repository/commons-lang/commons-lang/2.6/commons-lang-2.6.jar:/Users/emilymorgan/.m2/repository/org/bouncycastle/bcpkix-jdk15on/1.64/bcpkix-jdk15on-1.64.jar:/Users/emilymorgan/.m2/repository/com/github/docker-java/docker-java-transport-httpclient5/3.2.12/docker-java-transport-httpclient5-3.2.12.jar:/Users/emilymorgan/.m2/repository/org/apache/httpcomponents/client5/httpclient5/5.0.3/httpclient5-5.0.3.jar:/Users/emilymorgan/.m2/repository/org/apache/httpcomponents/core5/httpcore5/5.0.2/httpcore5-5.0.2.jar:/Users/emilymorgan/.m2/repository/io/vertx/vertx-service-discovery-backend-redis/4.3.1/vertx-service-discovery-backend-redis-4.3.1.jar:/Users/emilymorgan/.m2/repository/io/vertx/vertx-service-discovery-bridge-consul/4.3.1/vertx-service-discovery-bridge-consul-4.3.1.jar:/Users/emilymorgan/.m2/repository/io/vertx/vertx-service-discovery-bridge-zookeeper/4.3.1/vertx-service-discovery-bridge-zookeeper-4.3.1.jar:/Users/emilymorgan/.m2/repository/org/apache/curator/curator-x-discovery/2.13.0/curator-x-discovery-2.13.0.jar:/Users/emilymorgan/.m2/repository/org/codehaus/jackson/jackson-mapper-asl/1.9.13/jackson-mapper-asl-1.9.13.jar:/Users/emilymorgan/.m2/repository/io/vertx/vertx-config/4.3.1/vertx-config-4.3.1.jar:/Users/emilymorgan/.m2/repository/io/vertx/vertx-config-git/4.3.1/vertx-config-git-4.3.1.jar:/Users/emilymorgan/.m2/repository/org/eclipse/jgit/org.eclipse.jgit/4.4.1.201607150455-r/org.eclipse.jgit-4.4.1.201607150455-r.jar:/Users/emilymorgan/.m2/repository/com/jcraft/jsch/0.1.53/jsch-0.1.53.jar:/Users/emilymorgan/.m2/repository/com/googlecode/javaewah/JavaEWAH/0.7.9/JavaEWAH-0.7.9.jar:/Users/emilymorgan/.m2/repository/io/vertx/vertx-config-hocon/4.3.1/vertx-config-hocon-4.3.1.jar:/Users/emilymorgan/.m2/repository/com/typesafe/config/1.4.1/config-1.4.1.jar:/Users/emilymorgan/.m2/repository/io/vertx/vertx-config-kubernetes-configmap/4.3.1/vertx-config-kubernetes-configmap-4.3.1.jar:/Users/emilymorgan/.m2/repository/io/vertx/vertx-config-redis/4.3.1/vertx-config-redis-4.3.1.jar:/Users/emilymorgan/.m2/repository/io/vertx/vertx-config-spring-config-server/4.3.1/vertx-config-spring-config-server-4.3.1.jar:/Users/emilymorgan/.m2/repository/com/fasterxml/jackson/core/jackson-annotations/2.13.2/jackson-annotations-2.13.2.jar:/Users/emilymorgan/.m2/repository/io/vertx/vertx-config-yaml/4.3.1/vertx-config-yaml-4.3.1.jar:/Users/emilymorgan/.m2/repository/io/vertx/vertx-config-zookeeper/4.3.1/vertx-config-zookeeper-4.3.1.jar:/Users/emilymorgan/.m2/repository/io/vertx/vertx-grpc/4.3.1/vertx-grpc-4.3.1.jar:/Users/emilymorgan/.m2/repository/io/grpc/grpc-netty/1.44.0/grpc-netty-1.44.0.jar:/Users/emilymorgan/.m2/repository/io/grpc/grpc-core/1.44.0/grpc-core-1.44.0.jar:/Users/emilymorgan/.m2/repository/com/google/android/annotations/4.1.1.4/annotations-4.1.1.4.jar:/Users/emilymorgan/.m2/repository/io/perfmark/perfmark-api/0.23.0/perfmark-api-0.23.0.jar:/Users/emilymorgan/.m2/repository/io/grpc/grpc-protobuf/1.44.0/grpc-protobuf-1.44.0.jar:/Users/emilymorgan/.m2/repository/com/google/api/grpc/proto-google-common-protos/2.0.1/proto-google-common-protos-2.0.1.jar:/Users/emilymorgan/.m2/repository/io/grpc/grpc-protobuf-lite/1.44.0/grpc-protobuf-lite-1.44.0.jar:/Users/emilymorgan/.m2/repository/io/grpc/grpc-stub/1.44.0/grpc-stub-1.44.0.jar:/Users/emilymorgan/.m2/repository/javax/annotation/javax.annotation-api/1.3.2/javax.annotation-api-1.3.2.jar:/Users/emilymorgan/.m2/repository/io/vertx/vertx-proton/4.3.1/vertx-proton-4.3.1.jar:/Users/emilymorgan/.m2/repository/org/apache/qpid/proton-j/0.33.10/proton-j-0.33.10.jar:/Users/emilymorgan/.m2/repository/io/vertx/vertx-amqp-client/4.3.1/vertx-amqp-client-4.3.1.jar:/Users/emilymorgan/.m2/repository/io/vertx/vertx-kafka-client/4.3.1/vertx-kafka-client-4.3.1.jar:/Users/emilymorgan/.m2/repository/io/vertx/vertx-json-schema/4.3.1/vertx-json-schema-4.3.1.jar:/Users/emilymorgan/.m2/repository/io/vertx/vertx-health-check/4.3.1/vertx-health-check-4.3.1.jar:/Users/emilymorgan/.m2/repository/io/vertx/vertx-mqtt/4.3.1/vertx-mqtt-4.3.1.jar:/Users/emilymorgan/.m2/repository/io/netty/netty-codec-mqtt/4.1.77.Final/netty-codec-mqtt-4.1.77.Final.jar:/Users/emilymorgan/.m2/repository/io/vertx/vertx-http-proxy/4.3.1/vertx-http-proxy-4.3.1.jar:/Users/emilymorgan/.m2/repository/io/vertx/vertx-uri-template/4.3.1/vertx-uri-template-4.3.1.jar:/Users/emilymorgan/.m2/repository/io/vertx/vertx-grpc-common/4.3.1/vertx-grpc-common-4.3.1.jar:/Users/emilymorgan/.m2/repository/io/grpc/grpc-api/1.44.0/grpc-api-1.44.0.jar:/Users/emilymorgan/.m2/repository/io/grpc/grpc-context/1.44.0/grpc-context-1.44.0.jar:/Users/emilymorgan/.m2/repository/io/vertx/vertx-grpc-client/4.3.1/vertx-grpc-client-4.3.1.jar:/Users/emilymorgan/.m2/repository/io/vertx/vertx-grpc-server/4.3.1/vertx-grpc-server-4.3.1.jar:/Users/emilymorgan/.m2/repository/io/vertx/vertx-core/4.3.1/vertx-core-4.3.1.jar:/Users/emilymorgan/.m2/repository/io/netty/netty-common/4.1.77.Final/netty-common-4.1.77.Final.jar:/Users/emilymorgan/.m2/repository/io/netty/netty-buffer/4.1.77.Final/netty-buffer-4.1.77.Final.jar:/Users/emilymorgan/.m2/repository/io/netty/netty-transport/4.1.77.Final/netty-transport-4.1.77.Final.jar:/Users/emilymorgan/.m2/repository/io/netty/netty-handler/4.1.77.Final/netty-handler-4.1.77.Final.jar:/Users/emilymorgan/.m2/repository/io/netty/netty-codec/4.1.77.Final/netty-codec-4.1.77.Final.jar:/Users/emilymorgan/.m2/repository/io/netty/netty-handler-proxy/4.1.77.Final/netty-handler-proxy-4.1.77.Final.jar:/Users/emilymorgan/.m2/repository/io/netty/netty-codec-socks/4.1.77.Final/netty-codec-socks-4.1.77.Final.jar:/Users/emilymorgan/.m2/repository/io/netty/netty-codec-http/4.1.77.Final/netty-codec-http-4.1.77.Final.jar:/Users/emilymorgan/.m2/repository/io/netty/netty-codec-http2/4.1.77.Final/netty-codec-http2-4.1.77.Final.jar:/Users/emilymorgan/.m2/repository/io/netty/netty-resolver/4.1.77.Final/netty-resolver-4.1.77.Final.jar:/Users/emilymorgan/.m2/repository/io/netty/netty-resolver-dns/4.1.77.Final/netty-resolver-dns-4.1.77.Final.jar:/Users/emilymorgan/.m2/repository/io/netty/netty-codec-dns/4.1.77.Final/netty-codec-dns-4.1.77.Final.jar:/Users/emilymorgan/.m2/repository/com/fasterxml/jackson/core/jackson-core/2.13.2/jackson-core-2.13.2.jar:/Users/emilymorgan/.m2/repository/io/vertx/vertx-web/4.3.1/vertx-web-4.3.1.jar:/Users/emilymorgan/.m2/repository/io/vertx/vertx-web-client/4.3.1/vertx-web-client-4.3.1.jar:"/>
    <property name="java.vm.vendor" value="Oracle Corporation"/>
    <property name="sun.arch.data.model" value="64"/>
    <property name="java.vendor.url" value="https://openjdk.java.net/"/>
    <property name="user.timezone" value=""/>
    <property name="java.vm.specification.version" value="11"/>
    <property name="os.name" value="Mac OS X"/>
    <property name="sun.java.launcher" value="SUN_STANDARD"/>
    <property name="user.country" value="DE"/>
    <property name="sun.boot.library.path" value="/Library/Java/JavaVirtualMachines/jdk-11.0.15.jdk/Contents/Home/lib"/>
    <property name="sun.java.command" value="/Users/emilymorgan/Desktop/flowda/flow-core/target/surefire/surefirebooter7965193244427170138.jar /Users/emilymorgan/Desktop/flowda/flow-core/target/surefire 2022-07-29T11-30-53_682-jvmRun1 surefire4550390767829353464tmp surefire_012560546255915747834tmp"/>
    <property name="http.nonProxyHosts" value="local|*.local|169.254/16|*.169.254/16"/>
    <property name="jdk.debug" value="release"/>
    <property name="surefire.test.class.path" value="/Users/emilymorgan/Desktop/flowda/flow-core/target/test-classes:/Users/emilymorgan/Desktop/flowda/flow-core/target/classes:/Users/emilymorgan/.m2/repository/com/google/code/gson/gson/2.9.0/gson-2.9.0.jar:/Users/emilymorgan/.m2/repository/org/infinispan/infinispan-core/14.0.0.Dev03/infinispan-core-14.0.0.Dev03.jar:/Users/emilymorgan/.m2/repository/org/infinispan/protostream/protostream/4.5.0.Dev01/protostream-4.5.0.Dev01.jar:/Users/emilymorgan/.m2/repository/org/infinispan/protostream/protostream-types/4.5.0.Dev01/protostream-types-4.5.0.Dev01.jar:/Users/emilymorgan/.m2/repository/org/jgroups/jgroups/5.2.2.Final/jgroups-5.2.2.Final.jar:/Users/emilymorgan/.m2/repository/com/github/ben-manes/caffeine/caffeine/3.1.0/caffeine-3.1.0.jar:/Users/emilymorgan/.m2/repository/jakarta/transaction/jakarta.transaction-api/1.3.3/jakarta.transaction-api-1.3.3.jar:/Users/emilymorgan/.m2/repository/org/jboss/logging/jboss-logging/3.4.1.Final/jboss-logging-3.4.1.Final.jar:/Users/emilymorgan/.m2/repository/org/jboss/threads/jboss-threads/2.3.3.Final/jboss-threads-2.3.3.Final.jar:/Users/emilymorgan/.m2/repository/org/wildfly/common/wildfly-common/1.3.0.Final/wildfly-common-1.3.0.Final.jar:/Users/emilymorgan/.m2/repository/org/infinispan/infinispan-commons/14.0.0.Dev03/infinispan-commons-14.0.0.Dev03.jar:/Users/emilymorgan/.m2/repository/io/reactivex/rxjava3/rxjava/3.1.3/rxjava-3.1.3.jar:/Users/emilymorgan/.m2/repository/org/reactivestreams/reactive-streams/1.0.3/reactive-streams-1.0.3.jar:/Users/emilymorgan/.m2/repository/org/apache/kafka/kafka-clients/3.2.0/kafka-clients-3.2.0.jar:/Users/emilymorgan/.m2/repository/com/github/luben/zstd-jni/1.5.2-1/zstd-jni-1.5.2-1.jar:/Users/emilymorgan/.m2/repository/org/lz4/lz4-java/1.8.0/lz4-java-1.8.0.jar:/Users/emilymorgan/.m2/repository/org/xerial/snappy/snappy-java/1.1.8.4/snappy-java-1.1.8.4.jar:/Users/emilymorgan/.m2/repository/org/apache/commons/commons-crypto/1.1.0/commons-crypto-1.1.0.jar:/Users/emilymorgan/.m2/repository/net/java/dev/jna/jna/5.5.0/jna-5.5.0.jar:/Users/emilymorgan/.m2/repository/org/mockito/mockito-core/4.6.1/mockito-core-4.6.1.jar:/Users/emilymorgan/.m2/repository/net/bytebuddy/byte-buddy/1.12.10/byte-buddy-1.12.10.jar:/Users/emilymorgan/.m2/repository/net/bytebuddy/byte-buddy-agent/1.12.10/byte-buddy-agent-1.12.10.jar:/Users/emilymorgan/.m2/repository/org/objenesis/objenesis/3.2/objenesis-3.2.jar:/Users/emilymorgan/.m2/repository/io/vertx/vertx-junit5/4.3.2/vertx-junit5-4.3.2.jar:/Users/emilymorgan/.m2/repository/org/junit/jupiter/junit-jupiter-params/5.8.2/junit-jupiter-params-5.8.2.jar:/Users/emilymorgan/.m2/repository/org/junit/jupiter/junit-jupiter-api/5.8.2/junit-jupiter-api-5.8.2.jar:/Users/emilymorgan/.m2/repository/org/opentest4j/opentest4j/1.2.0/opentest4j-1.2.0.jar:/Users/emilymorgan/.m2/repository/org/junit/platform/junit-platform-commons/1.8.2/junit-platform-commons-1.8.2.jar:/Users/emilymorgan/.m2/repository/org/apiguardian/apiguardian-api/1.1.2/apiguardian-api-1.1.2.jar:/Users/emilymorgan/.m2/repository/org/hamcrest/hamcrest-library/1.3/hamcrest-library-1.3.jar:/Users/emilymorgan/.m2/repository/org/hamcrest/hamcrest-core/1.3/hamcrest-core-1.3.jar:/Users/emilymorgan/.m2/repository/org/apache/flink/flink-table-api-java/1.15.0/flink-table-api-java-1.15.0.jar:/Users/emilymorgan/.m2/repository/org/apache/flink/flink-table-common/1.15.0/flink-table-common-1.15.0.jar:/Users/emilymorgan/.m2/repository/com/ibm/icu/icu4j/67.1/icu4j-67.1.jar:/Users/emilymorgan/.m2/repository/com/google/code/findbugs/jsr305/1.3.9/jsr305-1.3.9.jar:/Users/emilymorgan/.m2/repository/org/apache/flink/flink-shaded-force-shading/15.0/flink-shaded-force-shading-15.0.jar:/Users/emilymorgan/.m2/repository/org/apache/flink/flink-core/1.15.0/flink-core-1.15.0.jar:/Users/emilymorgan/.m2/repository/org/apache/flink/flink-annotations/1.15.0/flink-annotations-1.15.0.jar:/Users/emilymorgan/.m2/repository/org/apache/flink/flink-metrics-core/1.15.0/flink-metrics-core-1.15.0.jar:/Users/emilymorgan/.m2/repository/org/apache/flink/flink-shaded-asm-9/9.2-15.0/flink-shaded-asm-9-9.2-15.0.jar:/Users/emilymorgan/.m2/repository/org/apache/commons/commons-lang3/3.3.2/commons-lang3-3.3.2.jar:/Users/emilymorgan/.m2/repository/com/esotericsoftware/kryo/kryo/2.24.0/kryo-2.24.0.jar:/Users/emilymorgan/.m2/repository/com/esotericsoftware/minlog/minlog/1.2/minlog-1.2.jar:/Users/emilymorgan/.m2/repository/commons-collections/commons-collections/3.2.2/commons-collections-3.2.2.jar:/Users/emilymorgan/.m2/repository/org/apache/commons/commons-compress/1.21/commons-compress-1.21.jar:/Users/emilymorgan/.m2/repository/org/apache/flink/flink-shaded-guava/30.1.1-jre-15.0/flink-shaded-guava-30.1.1-jre-15.0.jar:/Users/emilymorgan/.m2/repository/org/apache/flink/flink-streaming-java/1.15.0/flink-streaming-java-1.15.0.jar:/Users/emilymorgan/.m2/repository/org/apache/flink/flink-file-sink-common/1.15.0/flink-file-sink-common-1.15.0.jar:/Users/emilymorgan/.m2/repository/org/apache/flink/flink-runtime/1.15.0/flink-runtime-1.15.0.jar:/Users/emilymorgan/.m2/repository/org/apache/flink/flink-rpc-core/1.15.0/flink-rpc-core-1.15.0.jar:/Users/emilymorgan/.m2/repository/org/apache/flink/flink-rpc-akka-loader/1.15.0/flink-rpc-akka-loader-1.15.0.jar:/Users/emilymorgan/.m2/repository/org/apache/flink/flink-queryable-state-client-java/1.15.0/flink-queryable-state-client-java-1.15.0.jar:/Users/emilymorgan/.m2/repository/org/apache/flink/flink-hadoop-fs/1.15.0/flink-hadoop-fs-1.15.0.jar:/Users/emilymorgan/.m2/repository/commons-io/commons-io/2.11.0/commons-io-2.11.0.jar:/Users/emilymorgan/.m2/repository/org/apache/flink/flink-shaded-netty/4.1.70.Final-15.0/flink-shaded-netty-4.1.70.Final-15.0.jar:/Users/emilymorgan/.m2/repository/org/apache/flink/flink-shaded-jackson/2.12.4-15.0/flink-shaded-jackson-2.12.4-15.0.jar:/Users/emilymorgan/.m2/repository/org/apache/flink/flink-shaded-zookeeper-3/3.5.9-15.0/flink-shaded-zookeeper-3-3.5.9-15.0.jar:/Users/emilymorgan/.m2/repository/org/javassist/javassist/3.24.0-GA/javassist-3.24.0-GA.jar:/Users/emilymorgan/.m2/repository/org/apache/flink/flink-java/1.15.0/flink-java-1.15.0.jar:/Users/emilymorgan/.m2/repository/com/twitter/chill-java/0.7.6/chill-java-0.7.6.jar:/Users/emilymorgan/.m2/repository/org/apache/commons/commons-math3/3.6.1/commons-math3-3.6.1.jar:/Users/emilymorgan/.m2/repository/mysql/mysql-connector-java/8.0.29/mysql-connector-java-8.0.29.jar:/Users/emilymorgan/.m2/repository/com/google/protobuf/protobuf-java/3.19.4/protobuf-java-3.19.4.jar:/Users/emilymorgan/.m2/repository/org/apache/flink/flink-connector-kafka/1.15.0/flink-connector-kafka-1.15.0.jar:/Users/emilymorgan/.m2/repository/org/apache/flink/flink-connector-base/1.15.0/flink-connector-base-1.15.0.jar:/Users/emilymorgan/.m2/repository/org/apache/flink/flink-connector-jdbc/1.15.0/flink-connector-jdbc-1.15.0.jar:/Users/emilymorgan/.m2/repository/org/slf4j/slf4j-api/2.0.0-alpha7/slf4j-api-2.0.0-alpha7.jar:/Users/emilymorgan/.m2/repository/org/slf4j/slf4j-simple/2.0.0-alpha7/slf4j-simple-2.0.0-alpha7.jar:/Users/emilymorgan/.m2/repository/org/junit/jupiter/junit-jupiter-engine/5.4.0/junit-jupiter-engine-5.4.0.jar:/Users/emilymorgan/.m2/repository/org/junit/platform/junit-platform-engine/1.4.0/junit-platform-engine-1.4.0.jar:/Users/emilymorgan/.m2/repository/org/slf4j/slf4j-nop/1.7.21/slf4j-nop-1.7.21.jar:/Users/emilymorgan/.m2/repository/org/apache/flink/flink-clients/1.15.0/flink-clients-1.15.0.jar:/Users/emilymorgan/.m2/repository/org/apache/flink/flink-optimizer/1.15.0/flink-optimizer-1.15.0.jar:/Users/emilymorgan/.m2/repository/commons-cli/commons-cli/1.5.0/commons-cli-1.5.0.jar:/Users/emilymorgan/.m2/repository/org/apache/httpcomponents/httpclient/4.5.13/httpclient-4.5.13.jar:/Users/emilymorgan/.m2/repository/org/apache/httpcomponents/httpcore/4.4.13/httpcore-4.4.13.jar:/Users/emilymorgan/.m2/repository/commons-logging/commons-logging/1.2/commons-logging-1.2.jar:/Users/emilymorgan/.m2/repository/commons-codec/commons-codec/1.11/commons-codec-1.11.jar:/Users/emilymorgan/.m2/repository/io/vertx/vertx-lang-groovy/4.3.1/vertx-lang-groovy-4.3.1.jar:/Users/emilymorgan/.m2/repository/org/apache/groovy/groovy/4.0.2/groovy-4.0.2.jar:/Users/emilymorgan/.m2/repository/org/apache/groovy/groovy-json/4.0.2/groovy-json-4.0.2.jar:/Users/emilymorgan/.m2/repository/io/vertx/vertx-service-proxy/4.3.1/vertx-service-proxy-4.3.1.jar:/Users/emilymorgan/.m2/repository/io/vertx/vertx-service-factory/4.3.1/vertx-service-factory-4.3.1.jar:/Users/emilymorgan/.m2/repository/io/vertx/vertx-codegen/4.3.1/vertx-codegen-4.3.1.jar:/Users/emilymorgan/.m2/repository/io/vertx/vertx-maven-service-factory/4.3.1/vertx-maven-service-factory-4.3.1.jar:/Users/emilymorgan/.m2/repository/org/apache/maven/maven-aether-provider/3.3.1/maven-aether-provider-3.3.1.jar:/Users/emilymorgan/.m2/repository/org/apache/maven/maven-model/3.3.1/maven-model-3.3.1.jar:/Users/emilymorgan/.m2/repository/org/apache/maven/maven-model-builder/3.3.1/maven-model-builder-3.3.1.jar:/Users/emilymorgan/.m2/repository/org/codehaus/plexus/plexus-interpolation/1.21/plexus-interpolation-1.21.jar:/Users/emilymorgan/.m2/repository/org/apache/maven/maven-builder-support/3.3.1/maven-builder-support-3.3.1.jar:/Users/emilymorgan/.m2/repository/org/apache/maven/maven-repository-metadata/3.3.1/maven-repository-metadata-3.3.1.jar:/Users/emilymorgan/.m2/repository/org/codehaus/plexus/plexus-utils/3.0.20/plexus-utils-3.0.20.jar:/Users/emilymorgan/.m2/repository/org/eclipse/aether/aether-api/1.1.0/aether-api-1.1.0.jar:/Users/emilymorgan/.m2/repository/org/eclipse/aether/aether-connector-basic/1.1.0/aether-connector-basic-1.1.0.jar:/Users/emilymorgan/.m2/repository/org/eclipse/aether/aether-transport-file/1.1.0/aether-transport-file-1.1.0.jar:/Users/emilymorgan/.m2/repository/org/eclipse/aether/aether-transport-http/1.1.0/aether-transport-http-1.1.0.jar:/Users/emilymorgan/.m2/repository/org/eclipse/aether/aether-spi/1.1.0/aether-spi-1.1.0.jar:/Users/emilymorgan/.m2/repository/org/eclipse/aether/aether-impl/1.1.0/aether-impl-1.1.0.jar:/Users/emilymorgan/.m2/repository/org/eclipse/aether/aether-util/1.1.0/aether-util-1.1.0.jar:/Users/emilymorgan/.m2/repository/com/google/guava/guava/30.1.1-jre/guava-30.1.1-jre.jar:/Users/emilymorgan/.m2/repository/com/google/guava/failureaccess/1.0.1/failureaccess-1.0.1.jar:/Users/emilymorgan/.m2/repository/com/google/guava/listenablefuture/9999.0-empty-to-avoid-conflict-with-guava/listenablefuture-9999.0-empty-to-avoid-conflict-with-guava.jar:/Users/emilymorgan/.m2/repository/org/checkerframework/checker-qual/3.8.0/checker-qual-3.8.0.jar:/Users/emilymorgan/.m2/repository/com/google/errorprone/error_prone_annotations/2.5.1/error_prone_annotations-2.5.1.jar:/Users/emilymorgan/.m2/repository/com/google/j2objc/j2objc-annotations/1.3/j2objc-annotations-1.3.jar:/Users/emilymorgan/.m2/repository/io/vertx/vertx-http-service-factory/4.3.1/vertx-http-service-factory-4.3.1.jar:/Users/emilymorgan/.m2/repository/org/bouncycastle/bcpg-jdk15on/1.54/bcpg-jdk15on-1.54.jar:/Users/emilymorgan/.m2/repository/org/bouncycastle/bcprov-jdk15on/1.54/bcprov-jdk15on-1.54.jar:/Users/emilymorgan/.m2/repository/io/vertx/vertx-hazelcast/4.3.1/vertx-hazelcast-4.3.1.jar:/Users/emilymorgan/.m2/repository/com/hazelcast/hazelcast/4.2.2/hazelcast-4.2.2.jar:/Users/emilymorgan/.m2/repository/io/vertx/vertx-zookeeper/4.3.1/vertx-zookeeper-4.3.1.jar:/Users/emilymorgan/.m2/repository/org/apache/curator/curator-framework/4.3.0/curator-framework-4.3.0.jar:/Users/emilymorgan/.m2/repository/org/apache/curator/curator-client/4.3.0/curator-client-4.3.0.jar:/Users/emilymorgan/.m2/repository/org/apache/zookeeper/zookeeper/3.5.9/zookeeper-3.5.9.jar:/Users/emilymorgan/.m2/repository/org/apache/zookeeper/zookeeper-jute/3.5.9/zookeeper-jute-3.5.9.jar:/Users/emilymorgan/.m2/repository/org/apache/yetus/audience-annotations/0.5.0/audience-annotations-0.5.0.jar:/Users/emilymorgan/.m2/repository/io/netty/netty-transport-native-epoll/4.1.50.Final/netty-transport-native-epoll-4.1.50.Final.jar:/Users/emilymorgan/.m2/repository/io/netty/netty-transport-native-unix-common/4.1.50.Final/netty-transport-native-unix-common-4.1.50.Final.jar:/Users/emilymorgan/.m2/repository/org/apache/curator/curator-recipes/4.3.0/curator-recipes-4.3.0.jar:/Users/emilymorgan/.m2/repository/org/slf4j/slf4j-log4j12/1.7.25/slf4j-log4j12-1.7.25.jar:/Users/emilymorgan/.m2/repository/log4j/log4j/1.2.17/log4j-1.2.17.jar:/Users/emilymorgan/.m2/repository/io/vertx/vertx-dropwizard-metrics/4.3.1/vertx-dropwizard-metrics-4.3.1.jar:/Users/emilymorgan/.m2/repository/io/dropwizard/metrics/metrics-core/4.2.0/metrics-core-4.2.0.jar:/Users/emilymorgan/.m2/repository/io/vertx/vertx-micrometer-metrics/4.3.1/vertx-micrometer-metrics-4.3.1.jar:/Users/emilymorgan/.m2/repository/io/micrometer/micrometer-core/1.8.4/micrometer-core-1.8.4.jar:/Users/emilymorgan/.m2/repository/org/latencyutils/LatencyUtils/2.0.3/LatencyUtils-2.0.3.jar:/Users/emilymorgan/.m2/repository/org/hdrhistogram/HdrHistogram/2.1.12/HdrHistogram-2.1.12.jar:/Users/emilymorgan/.m2/repository/io/vertx/vertx-zipkin/4.3.1/vertx-zipkin-4.3.1.jar:/Users/emilymorgan/.m2/repository/io/zipkin/brave/brave/5.6.0/brave-5.6.0.jar:/Users/emilymorgan/.m2/repository/io/zipkin/zipkin2/zipkin/2.11.10/zipkin-2.11.10.jar:/Users/emilymorgan/.m2/repository/io/zipkin/reporter2/zipkin-reporter/2.7.13/zipkin-reporter-2.7.13.jar:/Users/emilymorgan/.m2/repository/io/zipkin/brave/brave-instrumentation-http/5.6.0/brave-instrumentation-http-5.6.0.jar:/Users/emilymorgan/.m2/repository/io/vertx/vertx-opentracing/4.3.1/vertx-opentracing-4.3.1.jar:/Users/emilymorgan/.m2/repository/io/jaegertracing/jaeger-client/1.0.0/jaeger-client-1.0.0.jar:/Users/emilymorgan/.m2/repository/io/jaegertracing/jaeger-thrift/1.0.0/jaeger-thrift-1.0.0.jar:/Users/emilymorgan/.m2/repository/org/apache/thrift/libthrift/0.12.0/libthrift-0.12.0.jar:/Users/emilymorgan/.m2/repository/com/squareup/okhttp3/okhttp/3.9.0/okhttp-3.9.0.jar:/Users/emilymorgan/.m2/repository/com/squareup/okio/okio/1.13.0/okio-1.13.0.jar:/Users/emilymorgan/.m2/repository/io/jaegertracing/jaeger-core/1.0.0/jaeger-core-1.0.0.jar:/Users/emilymorgan/.m2/repository/io/opentracing/opentracing-api/0.33.0/opentracing-api-0.33.0.jar:/Users/emilymorgan/.m2/repository/io/opentracing/opentracing-util/0.33.0/opentracing-util-0.33.0.jar:/Users/emilymorgan/.m2/repository/io/opentracing/opentracing-noop/0.33.0/opentracing-noop-0.33.0.jar:/Users/emilymorgan/.m2/repository/io/jaegertracing/jaeger-tracerresolver/1.0.0/jaeger-tracerresolver-1.0.0.jar:/Users/emilymorgan/.m2/repository/io/opentracing/contrib/opentracing-tracerresolver/0.1.8/opentracing-tracerresolver-0.1.8.jar:/Users/emilymorgan/.m2/repository/io/vertx/vertx-opentelemetry/4.3.1/vertx-opentelemetry-4.3.1.jar:/Users/emilymorgan/.m2/repository/io/opentelemetry/opentelemetry-api/1.13.0/opentelemetry-api-1.13.0.jar:/Users/emilymorgan/.m2/repository/io/opentelemetry/opentelemetry-context/1.13.0/opentelemetry-context-1.13.0.jar:/Users/emilymorgan/.m2/repository/io/opentelemetry/opentelemetry-sdk/1.13.0/opentelemetry-sdk-1.13.0.jar:/Users/emilymorgan/.m2/repository/io/opentelemetry/opentelemetry-sdk-common/1.13.0/opentelemetry-sdk-common-1.13.0.jar:/Users/emilymorgan/.m2/repository/io/opentelemetry/opentelemetry-sdk-metrics/1.13.0-alpha/opentelemetry-sdk-metrics-1.13.0-alpha.jar:/Users/emilymorgan/.m2/repository/io/opentelemetry/opentelemetry-sdk-logs/1.13.0-alpha/opentelemetry-sdk-logs-1.13.0-alpha.jar:/Users/emilymorgan/.m2/repository/io/opentelemetry/opentelemetry-sdk-trace/1.13.0/opentelemetry-sdk-trace-1.13.0.jar:/Users/emilymorgan/.m2/repository/io/opentelemetry/opentelemetry-semconv/1.13.0-alpha/opentelemetry-semconv-1.13.0-alpha.jar:/Users/emilymorgan/.m2/repository/io/vertx/vertx-reactive-streams/4.3.1/vertx-reactive-streams-4.3.1.jar:/Users/emilymorgan/.m2/repository/io/vertx/vertx-rx-java/4.3.1/vertx-rx-java-4.3.1.jar:/Users/emilymorgan/.m2/repository/io/vertx/vertx-rx-java-gen/4.3.1/vertx-rx-java-gen-4.3.1.jar:/Users/emilymorgan/.m2/repository/io/reactivex/rxjava/1.3.8/rxjava-1.3.8.jar:/Users/emilymorgan/.m2/repository/io/vertx/vertx-rx-gen/4.3.1/vertx-rx-gen-4.3.1.jar:/Users/emilymorgan/.m2/repository/io/vertx/vertx-rx-java2/4.3.1/vertx-rx-java2-4.3.1.jar:/Users/emilymorgan/.m2/repository/io/vertx/vertx-rx-java2-gen/4.3.1/vertx-rx-java2-gen-4.3.1.jar:/Users/emilymorgan/.m2/repository/io/reactivex/rxjava2/rxjava/2.2.21/rxjava-2.2.21.jar:/Users/emilymorgan/.m2/repository/io/vertx/vertx-rx-java3/4.3.1/vertx-rx-java3-4.3.1.jar:/Users/emilymorgan/.m2/repository/io/vertx/vertx-rx-java3-gen/4.3.1/vertx-rx-java3-gen-4.3.1.jar:/Users/emilymorgan/.m2/repository/io/vertx/vertx-consul-client/4.3.1/vertx-consul-client-4.3.1.jar:/Users/emilymorgan/.m2/repository/io/vertx/vertx-cassandra-client/4.3.1/vertx-cassandra-client-4.3.1.jar:/Users/emilymorgan/.m2/repository/com/datastax/oss/java-driver-core/4.11.1/java-driver-core-4.11.1.jar:/Users/emilymorgan/.m2/repository/com/datastax/oss/native-protocol/1.5.0/native-protocol-1.5.0.jar:/Users/emilymorgan/.m2/repository/com/datastax/oss/java-driver-shaded-guava/25.1-jre-graal-sub-1/java-driver-shaded-guava-25.1-jre-graal-sub-1.jar:/Users/emilymorgan/.m2/repository/com/github/jnr/jnr-posix/3.1.5/jnr-posix-3.1.5.jar:/Users/emilymorgan/.m2/repository/com/github/jnr/jnr-ffi/2.2.2/jnr-ffi-2.2.2.jar:/Users/emilymorgan/.m2/repository/com/github/jnr/jffi/1.3.1/jffi-1.3.1.jar:/Users/emilymorgan/.m2/repository/com/github/jnr/jffi/1.3.1/jffi-1.3.1-native.jar:/Users/emilymorgan/.m2/repository/org/ow2/asm/asm/9.1/asm-9.1.jar:/Users/emilymorgan/.m2/repository/org/ow2/asm/asm-commons/9.1/asm-commons-9.1.jar:/Users/emilymorgan/.m2/repository/org/ow2/asm/asm-analysis/9.1/asm-analysis-9.1.jar:/Users/emilymorgan/.m2/repository/org/ow2/asm/asm-tree/9.1/asm-tree-9.1.jar:/Users/emilymorgan/.m2/repository/org/ow2/asm/asm-util/9.1/asm-util-9.1.jar:/Users/emilymorgan/.m2/repository/com/github/jnr/jnr-a64asm/1.0.0/jnr-a64asm-1.0.0.jar:/Users/emilymorgan/.m2/repository/com/github/jnr/jnr-x86asm/1.0.2/jnr-x86asm-1.0.2.jar:/Users/emilymorgan/.m2/repository/com/github/jnr/jnr-constants/0.10.1/jnr-constants-0.10.1.jar:/Users/emilymorgan/.m2/repository/com/esri/geometry/esri-geometry-api/1.2.1/esri-geometry-api-1.2.1.jar:/Users/emilymorgan/.m2/repository/org/json/json/20090211/json-20090211.jar:/Users/emilymorgan/.m2/repository/org/codehaus/jackson/jackson-core-asl/1.9.12/jackson-core-asl-1.9.12.jar:/Users/emilymorgan/.m2/repository/com/github/stephenc/jcip/jcip-annotations/1.0-1/jcip-annotations-1.0-1.jar:/Users/emilymorgan/.m2/repository/com/github/spotbugs/spotbugs-annotations/3.1.12/spotbugs-annotations-3.1.12.jar:/Users/emilymorgan/.m2/repository/io/vertx/vertx-mongo-client/4.3.1/vertx-mongo-client-4.3.1.jar:/Users/emilymorgan/.m2/repository/org/mongodb/mongodb-driver-reactivestreams/4.1.2/mongodb-driver-reactivestreams-4.1.2.jar:/Users/emilymorgan/.m2/repository/org/mongodb/bson/4.1.2/bson-4.1.2.jar:/Users/emilymorgan/.m2/repository/org/mongodb/mongodb-driver-core/4.1.2/mongodb-driver-core-4.1.2.jar:/Users/emilymorgan/.m2/repository/org/apache/commons/commons-collections4/4.2/commons-collections4-4.2.jar:/Users/emilymorgan/.m2/repository/io/vertx/vertx-jdbc-client/4.3.1/vertx-jdbc-client-4.3.1.jar:/Users/emilymorgan/.m2/repository/com/mchange/c3p0/0.9.5.5/c3p0-0.9.5.5.jar:/Users/emilymorgan/.m2/repository/com/mchange/mchange-commons-java/0.2.19/mchange-commons-java-0.2.19.jar:/Users/emilymorgan/.m2/repository/io/vertx/vertx-auth-common/4.3.1/vertx-auth-common-4.3.1.jar:/Users/emilymorgan/.m2/repository/io/vertx/vertx-auth-htdigest/4.3.1/vertx-auth-htdigest-4.3.1.jar:/Users/emilymorgan/.m2/repository/io/vertx/vertx-auth-htpasswd/4.3.1/vertx-auth-htpasswd-4.3.1.jar:/Users/emilymorgan/.m2/repository/io/vertx/vertx-auth-jwt/4.3.1/vertx-auth-jwt-4.3.1.jar:/Users/emilymorgan/.m2/repository/io/vertx/vertx-auth-jdbc/4.3.1/vertx-auth-jdbc-4.3.1.jar:/Users/emilymorgan/.m2/repository/io/vertx/vertx-auth-shiro/4.3.1/vertx-auth-shiro-4.3.1.jar:/Users/emilymorgan/.m2/repository/org/apache/shiro/shiro-core/1.8.0/shiro-core-1.8.0.jar:/Users/emilymorgan/.m2/repository/org/apache/shiro/shiro-lang/1.8.0/shiro-lang-1.8.0.jar:/Users/emilymorgan/.m2/repository/org/apache/shiro/shiro-cache/1.8.0/shiro-cache-1.8.0.jar:/Users/emilymorgan/.m2/repository/org/apache/shiro/shiro-crypto-hash/1.8.0/shiro-crypto-hash-1.8.0.jar:/Users/emilymorgan/.m2/repository/org/apache/shiro/shiro-crypto-core/1.8.0/shiro-crypto-core-1.8.0.jar:/Users/emilymorgan/.m2/repository/org/apache/shiro/shiro-crypto-cipher/1.8.0/shiro-crypto-cipher-1.8.0.jar:/Users/emilymorgan/.m2/repository/org/apache/shiro/shiro-config-core/1.8.0/shiro-config-core-1.8.0.jar:/Users/emilymorgan/.m2/repository/org/apache/shiro/shiro-config-ogdl/1.8.0/shiro-config-ogdl-1.8.0.jar:/Users/emilymorgan/.m2/repository/commons-beanutils/commons-beanutils/1.9.4/commons-beanutils-1.9.4.jar:/Users/emilymorgan/.m2/repository/org/apache/shiro/shiro-event/1.8.0/shiro-event-1.8.0.jar:/Users/emilymorgan/.m2/repository/io/vertx/vertx-auth-oauth2/4.3.1/vertx-auth-oauth2-4.3.1.jar:/Users/emilymorgan/.m2/repository/io/vertx/vertx-auth-mongo/4.3.1/vertx-auth-mongo-4.3.1.jar:/Users/emilymorgan/.m2/repository/io/vertx/vertx-auth-properties/4.3.1/vertx-auth-properties-4.3.1.jar:/Users/emilymorgan/.m2/repository/io/vertx/vertx-auth-ldap/4.3.1/vertx-auth-ldap-4.3.1.jar:/Users/emilymorgan/.m2/repository/io/vertx/vertx-auth-webauthn/4.3.1/vertx-auth-webauthn-4.3.1.jar:/Users/emilymorgan/.m2/repository/com/fasterxml/jackson/dataformat/jackson-dataformat-cbor/2.13.2/jackson-dataformat-cbor-2.13.2.jar:/Users/emilymorgan/.m2/repository/io/vertx/vertx-auth-sql-client/4.3.1/vertx-auth-sql-client-4.3.1.jar:/Users/emilymorgan/.m2/repository/io/vertx/vertx-auth-otp/4.3.1/vertx-auth-otp-4.3.1.jar:/Users/emilymorgan/.m2/repository/io/vertx/vertx-web-common/4.3.1/vertx-web-common-4.3.1.jar:/Users/emilymorgan/.m2/repository/io/vertx/vertx-web-api-contract/4.3.1/vertx-web-api-contract-4.3.1.jar:/Users/emilymorgan/.m2/repository/com/fasterxml/jackson/core/jackson-databind/2.13.2.1/jackson-databind-2.13.2.1.jar:/Users/emilymorgan/.m2/repository/com/networknt/json-schema-validator/1.0.43/json-schema-validator-1.0.43.jar:/Users/emilymorgan/.m2/repository/org/jruby/joni/joni/2.1.31/joni-2.1.31.jar:/Users/emilymorgan/.m2/repository/org/jruby/jcodings/jcodings/1.0.46/jcodings-1.0.46.jar:/Users/emilymorgan/.m2/repository/io/swagger/parser/v3/swagger-parser-v3/2.0.21/swagger-parser-v3-2.0.21.jar:/Users/emilymorgan/.m2/repository/io/swagger/core/v3/swagger-models/2.1.4/swagger-models-2.1.4.jar:/Users/emilymorgan/.m2/repository/io/swagger/core/v3/swagger-core/2.1.4/swagger-core-2.1.4.jar:/Users/emilymorgan/.m2/repository/jakarta/xml/bind/jakarta.xml.bind-api/2.3.2/jakarta.xml.bind-api-2.3.2.jar:/Users/emilymorgan/.m2/repository/jakarta/activation/jakarta.activation-api/1.2.1/jakarta.activation-api-1.2.1.jar:/Users/emilymorgan/.m2/repository/com/fasterxml/jackson/datatype/jackson-datatype-jsr310/2.11.1/jackson-datatype-jsr310-2.11.1.jar:/Users/emilymorgan/.m2/repository/io/swagger/core/v3/swagger-annotations/2.1.4/swagger-annotations-2.1.4.jar:/Users/emilymorgan/.m2/repository/jakarta/validation/jakarta.validation-api/2.0.2/jakarta.validation-api-2.0.2.jar:/Users/emilymorgan/.m2/repository/io/swagger/parser/v3/swagger-parser-core/2.0.21/swagger-parser-core-2.0.21.jar:/Users/emilymorgan/.m2/repository/com/fasterxml/jackson/dataformat/jackson-dataformat-yaml/2.13.2/jackson-dataformat-yaml-2.13.2.jar:/Users/emilymorgan/.m2/repository/org/yaml/snakeyaml/1.30/snakeyaml-1.30.jar:/Users/emilymorgan/.m2/repository/io/vertx/vertx-web-api-service/4.3.1/vertx-web-api-service-4.3.1.jar:/Users/emilymorgan/.m2/repository/io/vertx/vertx-web-openapi/4.3.1/vertx-web-openapi-4.3.1.jar:/Users/emilymorgan/.m2/repository/io/vertx/vertx-web-sstore-cookie/4.3.1/vertx-web-sstore-cookie-4.3.1.jar:/Users/emilymorgan/.m2/repository/io/vertx/vertx-web-sstore-redis/4.3.1/vertx-web-sstore-redis-4.3.1.jar:/Users/emilymorgan/.m2/repository/io/vertx/vertx-web-sstore-infinispan/4.3.1/vertx-web-sstore-infinispan-4.3.1.jar:/Users/emilymorgan/.m2/repository/org/infinispan/infinispan-client-hotrod/13.0.8.Final/infinispan-client-hotrod-13.0.8.Final.jar:/Users/emilymorgan/.m2/repository/org/wildfly/security/wildfly-elytron-sasl-digest/1.17.2.Final/wildfly-elytron-sasl-digest-1.17.2.Final.jar:/Users/emilymorgan/.m2/repository/org/wildfly/security/wildfly-elytron-auth-server/1.17.2.Final/wildfly-elytron-auth-server-1.17.2.Final.jar:/Users/emilymorgan/.m2/repository/org/wildfly/security/wildfly-elytron-auth/1.17.2.Final/wildfly-elytron-auth-1.17.2.Final.jar:/Users/emilymorgan/.m2/repository/org/wildfly/security/wildfly-elytron-base/1.17.2.Final/wildfly-elytron-base-1.17.2.Final.jar:/Users/emilymorgan/.m2/repository/org/wildfly/security/wildfly-elytron-permission/1.17.2.Final/wildfly-elytron-permission-1.17.2.Final.jar:/Users/emilymorgan/.m2/repository/org/wildfly/security/wildfly-elytron-x500/1.17.2.Final/wildfly-elytron-x500-1.17.2.Final.jar:/Users/emilymorgan/.m2/repository/org/wildfly/security/wildfly-elytron-credential/1.17.2.Final/wildfly-elytron-credential-1.17.2.Final.jar:/Users/emilymorgan/.m2/repository/org/wildfly/security/wildfly-elytron-keystore/1.17.2.Final/wildfly-elytron-keystore-1.17.2.Final.jar:/Users/emilymorgan/.m2/repository/org/wildfly/security/wildfly-elytron-x500-cert/1.17.2.Final/wildfly-elytron-x500-cert-1.17.2.Final.jar:/Users/emilymorgan/.m2/repository/org/wildfly/security/wildfly-elytron-x500-cert-util/1.17.2.Final/wildfly-elytron-x500-cert-util-1.17.2.Final.jar:/Users/emilymorgan/.m2/repository/org/apache/sshd/sshd-common/2.3.0/sshd-common-2.3.0.jar:/Users/emilymorgan/.m2/repository/org/wildfly/security/wildfly-elytron-provider-util/1.17.2.Final/wildfly-elytron-provider-util-1.17.2.Final.jar:/Users/emilymorgan/.m2/repository/org/wildfly/security/wildfly-elytron-mechanism/1.17.2.Final/wildfly-elytron-mechanism-1.17.2.Final.jar:/Users/emilymorgan/.m2/repository/org/wildfly/security/wildfly-elytron-http/1.17.2.Final/wildfly-elytron-http-1.17.2.Final.jar:/Users/emilymorgan/.m2/repository/org/wildfly/security/wildfly-elytron-mechanism-digest/1.17.2.Final/wildfly-elytron-mechanism-digest-1.17.2.Final.jar:/Users/emilymorgan/.m2/repository/org/wildfly/security/wildfly-elytron-sasl/1.17.2.Final/wildfly-elytron-sasl-1.17.2.Final.jar:/Users/emilymorgan/.m2/repository/org/wildfly/security/wildfly-elytron-ssl/1.17.2.Final/wildfly-elytron-ssl-1.17.2.Final.jar:/Users/emilymorgan/.m2/repository/org/wildfly/security/wildfly-elytron-util/1.17.2.Final/wildfly-elytron-util-1.17.2.Final.jar:/Users/emilymorgan/.m2/repository/org/wildfly/security/wildfly-elytron-sasl-external/1.17.2.Final/wildfly-elytron-sasl-external-1.17.2.Final.jar:/Users/emilymorgan/.m2/repository/org/wildfly/security/wildfly-elytron-sasl-gs2/1.17.2.Final/wildfly-elytron-sasl-gs2-1.17.2.Final.jar:/Users/emilymorgan/.m2/repository/org/wildfly/security/wildfly-elytron-asn1/1.17.2.Final/wildfly-elytron-asn1-1.17.2.Final.jar:/Users/emilymorgan/.m2/repository/org/wildfly/security/wildfly-elytron-mechanism-gssapi/1.17.2.Final/wildfly-elytron-mechanism-gssapi-1.17.2.Final.jar:/Users/emilymorgan/.m2/repository/org/wildfly/security/wildfly-elytron-security-manager-action/1.17.2.Final/wildfly-elytron-security-manager-action-1.17.2.Final.jar:/Users/emilymorgan/.m2/repository/org/wildfly/security/wildfly-elytron-sasl-gssapi/1.17.2.Final/wildfly-elytron-sasl-gssapi-1.17.2.Final.jar:/Users/emilymorgan/.m2/repository/org/wildfly/security/wildfly-elytron-sasl-oauth2/1.17.2.Final/wildfly-elytron-sasl-oauth2-1.17.2.Final.jar:/Users/emilymorgan/.m2/repository/org/wildfly/security/wildfly-elytron-mechanism-oauth2/1.17.2.Final/wildfly-elytron-mechanism-oauth2-1.17.2.Final.jar:/Users/emilymorgan/.m2/repository/org/wildfly/security/wildfly-elytron-sasl-plain/1.17.2.Final/wildfly-elytron-sasl-plain-1.17.2.Final.jar:/Users/emilymorgan/.m2/repository/org/wildfly/security/wildfly-elytron-sasl-scram/1.17.2.Final/wildfly-elytron-sasl-scram-1.17.2.Final.jar:/Users/emilymorgan/.m2/repository/org/wildfly/security/wildfly-elytron-mechanism-scram/1.17.2.Final/wildfly-elytron-mechanism-scram-1.17.2.Final.jar:/Users/emilymorgan/.m2/repository/org/wildfly/security/wildfly-elytron-password-impl/1.17.2.Final/wildfly-elytron-password-impl-1.17.2.Final.jar:/Users/emilymorgan/.m2/repository/io/netty/netty-transport-native-epoll/4.1.72.Final/netty-transport-native-epoll-4.1.72.Final-linux-x86_64.jar:/Users/emilymorgan/.m2/repository/io/netty/netty-transport-classes-epoll/4.1.72.Final/netty-transport-classes-epoll-4.1.72.Final.jar:/Users/emilymorgan/.m2/repository/io/vertx/vertx-web-templ-thymeleaf/4.3.1/vertx-web-templ-thymeleaf-4.3.1-shaded.jar:/Users/emilymorgan/.m2/repository/org/thymeleaf/thymeleaf/3.0.11.RELEASE/thymeleaf-3.0.11.RELEASE.jar:/Users/emilymorgan/.m2/repository/ognl/ognl/3.1.12/ognl-3.1.12.jar:/Users/emilymorgan/.m2/repository/org/attoparser/attoparser/2.0.5.RELEASE/attoparser-2.0.5.RELEASE.jar:/Users/emilymorgan/.m2/repository/org/unbescape/unbescape/1.1.6.RELEASE/unbescape-1.1.6.RELEASE.jar:/Users/emilymorgan/.m2/repository/io/vertx/vertx-web-templ-handlebars/4.3.1/vertx-web-templ-handlebars-4.3.1-shaded.jar:/Users/emilymorgan/.m2/repository/com/github/jknack/handlebars/4.3.0/handlebars-4.3.0.jar:/Users/emilymorgan/.m2/repository/io/vertx/vertx-web-templ-jade/4.3.1/vertx-web-templ-jade-4.3.1-shaded.jar:/Users/emilymorgan/.m2/repository/de/neuland-bfi/jade4j/1.3.2/jade4j-1.3.2.jar:/Users/emilymorgan/.m2/repository/org/apache/commons/commons-jexl/2.1.1/commons-jexl-2.1.1.jar:/Users/emilymorgan/.m2/repository/com/googlecode/concurrentlinkedhashmap/concurrentlinkedhashmap-lru/1.4.2/concurrentlinkedhashmap-lru-1.4.2.jar:/Users/emilymorgan/.m2/repository/com/vladsch/flexmark/flexmark/0.42.14/flexmark-0.42.14.jar:/Users/emilymorgan/.m2/repository/com/vladsch/flexmark/flexmark-util/0.42.14/flexmark-util-0.42.14.jar:/Users/emilymorgan/.m2/repository/io/vertx/vertx-web-templ-mvel/4.3.1/vertx-web-templ-mvel-4.3.1-shaded.jar:/Users/emilymorgan/.m2/repository/org/mvel/mvel2/2.3.1.Final/mvel2-2.3.1.Final.jar:/Users/emilymorgan/.m2/repository/io/vertx/vertx-web-templ-pebble/4.3.1/vertx-web-templ-pebble-4.3.1-shaded.jar:/Users/emilymorgan/.m2/repository/io/pebbletemplates/pebble/3.1.0/pebble-3.1.0.jar:/Users/emilymorgan/.m2/repository/io/vertx/vertx-web-templ-freemarker/4.3.1/vertx-web-templ-freemarker-4.3.1-shaded.jar:/Users/emilymorgan/.m2/repository/org/freemarker/freemarker/2.3.29/freemarker-2.3.29.jar:/Users/emilymorgan/.m2/repository/io/vertx/vertx-web-templ-rocker/4.3.1/vertx-web-templ-rocker-4.3.1-shaded.jar:/Users/emilymorgan/.m2/repository/com/fizzed/rocker-runtime/1.3.0/rocker-runtime-1.3.0.jar:/Users/emilymorgan/.m2/repository/io/vertx/vertx-web-templ-httl/4.3.1/vertx-web-templ-httl-4.3.1-shaded.jar:/Users/emilymorgan/.m2/repository/org/perfcake/httl/1.0.12/httl-1.0.12.jar:/Users/emilymorgan/.m2/repository/io/vertx/vertx-web-graphql/4.3.1/vertx-web-graphql-4.3.1.jar:/Users/emilymorgan/.m2/repository/com/graphql-java/graphql-java/18.1/graphql-java-18.1.jar:/Users/emilymorgan/.m2/repository/com/graphql-java/java-dataloader/3.1.2/java-dataloader-3.1.2.jar:/Users/emilymorgan/.m2/repository/org/antlr/antlr4-runtime/4.9.3/antlr4-runtime-4.9.3.jar:/Users/emilymorgan/.m2/repository/io/vertx/vertx-web-proxy/4.3.1/vertx-web-proxy-4.3.1.jar:/Users/emilymorgan/.m2/repository/io/vertx/vertx-web-validation/4.3.1/vertx-web-validation-4.3.1.jar:/Users/emilymorgan/.m2/repository/io/vertx/vertx-sockjs-service-proxy/4.3.1/vertx-sockjs-service-proxy-4.3.1.jar:/Users/emilymorgan/.m2/repository/io/vertx/vertx-mail-client/4.3.1/vertx-mail-client-4.3.1.jar:/Users/emilymorgan/.m2/repository/io/vertx/vertx-redis-client/4.3.1/vertx-redis-client-4.3.1.jar:/Users/emilymorgan/.m2/repository/io/vertx/vertx-shell/4.3.1/vertx-shell-4.3.1.jar:/Users/emilymorgan/.m2/repository/io/termd/termd-core/1.1.6/termd-core-1.1.6.jar:/Users/emilymorgan/.m2/repository/org/apache/sshd/sshd-core/1.2.0/sshd-core-1.2.0.jar:/Users/emilymorgan/.m2/repository/io/vertx/vertx-sync/4.3.1/vertx-sync-4.3.1.jar:/Users/emilymorgan/.m2/repository/co/paralleluniverse/quasar-core/0.7.10/quasar-core-0.7.10-jdk8.jar:/Users/emilymorgan/.m2/repository/com/esotericsoftware/kryo/4.0.0/kryo-4.0.0.jar:/Users/emilymorgan/.m2/repository/com/esotericsoftware/reflectasm/1.11.3/reflectasm-1.11.3.jar:/Users/emilymorgan/.m2/repository/com/esotericsoftware/minlog/1.3.0/minlog-1.3.0.jar:/Users/emilymorgan/.m2/repository/de/javakaffee/kryo-serializers/0.42/kryo-serializers-0.42.jar:/Users/emilymorgan/.m2/repository/io/vertx/vertx-stomp/4.3.1/vertx-stomp-4.3.1.jar:/Users/emilymorgan/.m2/repository/io/vertx/vertx-infinispan/4.3.1/vertx-infinispan-4.3.1.jar:/Users/emilymorgan/.m2/repository/org/infinispan/infinispan-multimap/13.0.8.Final/infinispan-multimap-13.0.8.Final.jar:/Users/emilymorgan/.m2/repository/org/infinispan/infinispan-clustered-lock/13.0.8.Final/infinispan-clustered-lock-13.0.8.Final.jar:/Users/emilymorgan/.m2/repository/org/infinispan/infinispan-clustered-counter/13.0.8.Final/infinispan-clustered-counter-13.0.8.Final.jar:/Users/emilymorgan/.m2/repository/io/vertx/vertx-bridge-common/4.3.1/vertx-bridge-common-4.3.1.jar:/Users/emilymorgan/.m2/repository/io/vertx/vertx-tcp-eventbus-bridge/4.3.1/vertx-tcp-eventbus-bridge-4.3.1.jar:/Users/emilymorgan/.m2/repository/io/vertx/vertx-sql-client/4.3.1/vertx-sql-client-4.3.1.jar:/Users/emilymorgan/.m2/repository/io/vertx/vertx-pg-client/4.3.1/vertx-pg-client-4.3.1.jar:/Users/emilymorgan/.m2/repository/io/vertx/vertx-mysql-client/4.3.1/vertx-mysql-client-4.3.1.jar:/Users/emilymorgan/.m2/repository/io/vertx/vertx-db2-client/4.3.1/vertx-db2-client-4.3.1.jar:/Users/emilymorgan/.m2/repository/io/vertx/vertx-mssql-client/4.3.1/vertx-mssql-client-4.3.1.jar:/Users/emilymorgan/.m2/repository/io/vertx/vertx-oracle-client/4.3.1/vertx-oracle-client-4.3.1.jar:/Users/emilymorgan/.m2/repository/com/oracle/database/jdbc/ojdbc11/21.4.0.0/ojdbc11-21.4.0.0.jar:/Users/emilymorgan/.m2/repository/io/vertx/vertx-sql-client-templates/4.3.1/vertx-sql-client-templates-4.3.1.jar:/Users/emilymorgan/.m2/repository/io/vertx/vertx-camel-bridge/4.3.1/vertx-camel-bridge-4.3.1.jar:/Users/emilymorgan/.m2/repository/org/apache/camel/camel-core/3.0.1/camel-core-3.0.1.jar:/Users/emilymorgan/.m2/repository/org/apache/camel/camel-core-engine/3.0.1/camel-core-engine-3.0.1.jar:/Users/emilymorgan/.m2/repository/org/apache/camel/spi-annotations/3.0.1/spi-annotations-3.0.1.jar:/Users/emilymorgan/.m2/repository/org/apache/camel/camel-api/3.0.1/camel-api-3.0.1.jar:/Users/emilymorgan/.m2/repository/org/apache/camel/camel-base/3.0.1/camel-base-3.0.1.jar:/Users/emilymorgan/.m2/repository/org/apache/camel/camel-jaxp/3.0.1/camel-jaxp-3.0.1.jar:/Users/emilymorgan/.m2/repository/org/apache/camel/camel-management-api/3.0.1/camel-management-api-3.0.1.jar:/Users/emilymorgan/.m2/repository/org/apache/camel/camel-support/3.0.1/camel-support-3.0.1.jar:/Users/emilymorgan/.m2/repository/org/apache/camel/camel-util/3.0.1/camel-util-3.0.1.jar:/Users/emilymorgan/.m2/repository/org/apache/camel/camel-util-json/3.0.1/camel-util-json-3.0.1.jar:/Users/emilymorgan/.m2/repository/org/apache/camel/camel-bean/3.0.1/camel-bean-3.0.1.jar:/Users/emilymorgan/.m2/repository/org/apache/camel/camel-browse/3.0.1/camel-browse-3.0.1.jar:/Users/emilymorgan/.m2/repository/org/apache/camel/camel-caffeine-lrucache/3.0.1/camel-caffeine-lrucache-3.0.1.jar:/Users/emilymorgan/.m2/repository/org/apache/camel/camel-controlbus/3.0.1/camel-controlbus-3.0.1.jar:/Users/emilymorgan/.m2/repository/org/apache/camel/camel-dataformat/3.0.1/camel-dataformat-3.0.1.jar:/Users/emilymorgan/.m2/repository/org/apache/camel/camel-dataset/3.0.1/camel-dataset-3.0.1.jar:/Users/emilymorgan/.m2/repository/org/apache/camel/camel-direct/3.0.1/camel-direct-3.0.1.jar:/Users/emilymorgan/.m2/repository/org/apache/camel/camel-directvm/3.0.1/camel-directvm-3.0.1.jar:/Users/emilymorgan/.m2/repository/org/apache/camel/camel-file/3.0.1/camel-file-3.0.1.jar:/Users/emilymorgan/.m2/repository/org/apache/camel/camel-language/3.0.1/camel-language-3.0.1.jar:/Users/emilymorgan/.m2/repository/org/apache/camel/camel-log/3.0.1/camel-log-3.0.1.jar:/Users/emilymorgan/.m2/repository/org/apache/camel/camel-mock/3.0.1/camel-mock-3.0.1.jar:/Users/emilymorgan/.m2/repository/org/apache/camel/camel-ref/3.0.1/camel-ref-3.0.1.jar:/Users/emilymorgan/.m2/repository/org/apache/camel/camel-rest/3.0.1/camel-rest-3.0.1.jar:/Users/emilymorgan/.m2/repository/org/apache/camel/camel-saga/3.0.1/camel-saga-3.0.1.jar:/Users/emilymorgan/.m2/repository/org/apache/camel/camel-scheduler/3.0.1/camel-scheduler-3.0.1.jar:/Users/emilymorgan/.m2/repository/org/apache/camel/camel-seda/3.0.1/camel-seda-3.0.1.jar:/Users/emilymorgan/.m2/repository/org/apache/camel/camel-stub/3.0.1/camel-stub-3.0.1.jar:/Users/emilymorgan/.m2/repository/org/apache/camel/camel-timer/3.0.1/camel-timer-3.0.1.jar:/Users/emilymorgan/.m2/repository/org/apache/camel/camel-validator/3.0.1/camel-validator-3.0.1.jar:/Users/emilymorgan/.m2/repository/org/apache/camel/camel-vm/3.0.1/camel-vm-3.0.1.jar:/Users/emilymorgan/.m2/repository/org/apache/camel/camel-xpath/3.0.1/camel-xpath-3.0.1.jar:/Users/emilymorgan/.m2/repository/org/apache/camel/camel-xslt/3.0.1/camel-xslt-3.0.1.jar:/Users/emilymorgan/.m2/repository/org/fusesource/hawtbuf/hawtbuf/1.11/hawtbuf-1.11.jar:/Users/emilymorgan/.m2/repository/io/vertx/vertx-ignite/4.3.1/vertx-ignite-4.3.1.jar:/Users/emilymorgan/.m2/repository/org/apache/ignite/ignite-core/2.13.0/ignite-core-2.13.0.jar:/Users/emilymorgan/.m2/repository/javax/cache/cache-api/1.0.0/cache-api-1.0.0.jar:/Users/emilymorgan/.m2/repository/org/jetbrains/annotations/16.0.3/annotations-16.0.3.jar:/Users/emilymorgan/.m2/repository/io/vertx/vertx-rabbitmq-client/4.3.1/vertx-rabbitmq-client-4.3.1.jar:/Users/emilymorgan/.m2/repository/com/rabbitmq/amqp-client/5.10.0/amqp-client-5.10.0.jar:/Users/emilymorgan/.m2/repository/io/vertx/vertx-service-discovery/4.3.1/vertx-service-discovery-4.3.1.jar:/Users/emilymorgan/.m2/repository/io/vertx/vertx-circuit-breaker/4.3.1/vertx-circuit-breaker-4.3.1.jar:/Users/emilymorgan/.m2/repository/io/vertx/vertx-service-discovery-bridge-kubernetes/4.3.1/vertx-service-discovery-bridge-kubernetes-4.3.1.jar:/Users/emilymorgan/.m2/repository/io/vertx/vertx-service-discovery-bridge-docker-links/4.3.1/vertx-service-discovery-bridge-docker-links-4.3.1.jar:/Users/emilymorgan/.m2/repository/io/vertx/vertx-service-discovery-bridge-docker/4.3.1/vertx-service-discovery-bridge-docker-4.3.1.jar:/Users/emilymorgan/.m2/repository/com/github/docker-java/docker-java-core/3.2.12/docker-java-core-3.2.12.jar:/Users/emilymorgan/.m2/repository/com/github/docker-java/docker-java-api/3.2.12/docker-java-api-3.2.12.jar:/Users/emilymorgan/.m2/repository/com/github/docker-java/docker-java-transport/3.2.12/docker-java-transport-3.2.12.jar:/Users/emilymorgan/.m2/repository/commons-lang/commons-lang/2.6/commons-lang-2.6.jar:/Users/emilymorgan/.m2/repository/org/bouncycastle/bcpkix-jdk15on/1.64/bcpkix-jdk15on-1.64.jar:/Users/emilymorgan/.m2/repository/com/github/docker-java/docker-java-transport-httpclient5/3.2.12/docker-java-transport-httpclient5-3.2.12.jar:/Users/emilymorgan/.m2/repository/org/apache/httpcomponents/client5/httpclient5/5.0.3/httpclient5-5.0.3.jar:/Users/emilymorgan/.m2/repository/org/apache/httpcomponents/core5/httpcore5/5.0.2/httpcore5-5.0.2.jar:/Users/emilymorgan/.m2/repository/io/vertx/vertx-service-discovery-backend-redis/4.3.1/vertx-service-discovery-backend-redis-4.3.1.jar:/Users/emilymorgan/.m2/repository/io/vertx/vertx-service-discovery-bridge-consul/4.3.1/vertx-service-discovery-bridge-consul-4.3.1.jar:/Users/emilymorgan/.m2/repository/io/vertx/vertx-service-discovery-bridge-zookeeper/4.3.1/vertx-service-discovery-bridge-zookeeper-4.3.1.jar:/Users/emilymorgan/.m2/repository/org/apache/curator/curator-x-discovery/2.13.0/curator-x-discovery-2.13.0.jar:/Users/emilymorgan/.m2/repository/org/codehaus/jackson/jackson-mapper-asl/1.9.13/jackson-mapper-asl-1.9.13.jar:/Users/emilymorgan/.m2/repository/io/vertx/vertx-config/4.3.1/vertx-config-4.3.1.jar:/Users/emilymorgan/.m2/repository/io/vertx/vertx-config-git/4.3.1/vertx-config-git-4.3.1.jar:/Users/emilymorgan/.m2/repository/org/eclipse/jgit/org.eclipse.jgit/4.4.1.201607150455-r/org.eclipse.jgit-4.4.1.201607150455-r.jar:/Users/emilymorgan/.m2/repository/com/jcraft/jsch/0.1.53/jsch-0.1.53.jar:/Users/emilymorgan/.m2/repository/com/googlecode/javaewah/JavaEWAH/0.7.9/JavaEWAH-0.7.9.jar:/Users/emilymorgan/.m2/repository/io/vertx/vertx-config-hocon/4.3.1/vertx-config-hocon-4.3.1.jar:/Users/emilymorgan/.m2/repository/com/typesafe/config/1.4.1/config-1.4.1.jar:/Users/emilymorgan/.m2/repository/io/vertx/vertx-config-kubernetes-configmap/4.3.1/vertx-config-kubernetes-configmap-4.3.1.jar:/Users/emilymorgan/.m2/repository/io/vertx/vertx-config-redis/4.3.1/vertx-config-redis-4.3.1.jar:/Users/emilymorgan/.m2/repository/io/vertx/vertx-config-spring-config-server/4.3.1/vertx-config-spring-config-server-4.3.1.jar:/Users/emilymorgan/.m2/repository/com/fasterxml/jackson/core/jackson-annotations/2.13.2/jackson-annotations-2.13.2.jar:/Users/emilymorgan/.m2/repository/io/vertx/vertx-config-yaml/4.3.1/vertx-config-yaml-4.3.1.jar:/Users/emilymorgan/.m2/repository/io/vertx/vertx-config-zookeeper/4.3.1/vertx-config-zookeeper-4.3.1.jar:/Users/emilymorgan/.m2/repository/io/vertx/vertx-grpc/4.3.1/vertx-grpc-4.3.1.jar:/Users/emilymorgan/.m2/repository/io/grpc/grpc-netty/1.44.0/grpc-netty-1.44.0.jar:/Users/emilymorgan/.m2/repository/io/grpc/grpc-core/1.44.0/grpc-core-1.44.0.jar:/Users/emilymorgan/.m2/repository/com/google/android/annotations/4.1.1.4/annotations-4.1.1.4.jar:/Users/emilymorgan/.m2/repository/io/perfmark/perfmark-api/0.23.0/perfmark-api-0.23.0.jar:/Users/emilymorgan/.m2/repository/io/grpc/grpc-protobuf/1.44.0/grpc-protobuf-1.44.0.jar:/Users/emilymorgan/.m2/repository/com/google/api/grpc/proto-google-common-protos/2.0.1/proto-google-common-protos-2.0.1.jar:/Users/emilymorgan/.m2/repository/io/grpc/grpc-protobuf-lite/1.44.0/grpc-protobuf-lite-1.44.0.jar:/Users/emilymorgan/.m2/repository/io/grpc/grpc-stub/1.44.0/grpc-stub-1.44.0.jar:/Users/emilymorgan/.m2/repository/javax/annotation/javax.annotation-api/1.3.2/javax.annotation-api-1.3.2.jar:/Users/emilymorgan/.m2/repository/io/vertx/vertx-proton/4.3.1/vertx-proton-4.3.1.jar:/Users/emilymorgan/.m2/repository/org/apache/qpid/proton-j/0.33.10/proton-j-0.33.10.jar:/Users/emilymorgan/.m2/repository/io/vertx/vertx-amqp-client/4.3.1/vertx-amqp-client-4.3.1.jar:/Users/emilymorgan/.m2/repository/io/vertx/vertx-kafka-client/4.3.1/vertx-kafka-client-4.3.1.jar:/Users/emilymorgan/.m2/repository/io/vertx/vertx-json-schema/4.3.1/vertx-json-schema-4.3.1.jar:/Users/emilymorgan/.m2/repository/io/vertx/vertx-health-check/4.3.1/vertx-health-check-4.3.1.jar:/Users/emilymorgan/.m2/repository/io/vertx/vertx-mqtt/4.3.1/vertx-mqtt-4.3.1.jar:/Users/emilymorgan/.m2/repository/io/netty/netty-codec-mqtt/4.1.77.Final/netty-codec-mqtt-4.1.77.Final.jar:/Users/emilymorgan/.m2/repository/io/vertx/vertx-http-proxy/4.3.1/vertx-http-proxy-4.3.1.jar:/Users/emilymorgan/.m2/repository/io/vertx/vertx-uri-template/4.3.1/vertx-uri-template-4.3.1.jar:/Users/emilymorgan/.m2/repository/io/vertx/vertx-grpc-common/4.3.1/vertx-grpc-common-4.3.1.jar:/Users/emilymorgan/.m2/repository/io/grpc/grpc-api/1.44.0/grpc-api-1.44.0.jar:/Users/emilymorgan/.m2/repository/io/grpc/grpc-context/1.44.0/grpc-context-1.44.0.jar:/Users/emilymorgan/.m2/repository/io/vertx/vertx-grpc-client/4.3.1/vertx-grpc-client-4.3.1.jar:/Users/emilymorgan/.m2/repository/io/vertx/vertx-grpc-server/4.3.1/vertx-grpc-server-4.3.1.jar:/Users/emilymorgan/.m2/repository/io/vertx/vertx-core/4.3.1/vertx-core-4.3.1.jar:/Users/emilymorgan/.m2/repository/io/netty/netty-common/4.1.77.Final/netty-common-4.1.77.Final.jar:/Users/emilymorgan/.m2/repository/io/netty/netty-buffer/4.1.77.Final/netty-buffer-4.1.77.Final.jar:/Users/emilymorgan/.m2/repository/io/netty/netty-transport/4.1.77.Final/netty-transport-4.1.77.Final.jar:/Users/emilymorgan/.m2/repository/io/netty/netty-handler/4.1.77.Final/netty-handler-4.1.77.Final.jar:/Users/emilymorgan/.m2/repository/io/netty/netty-codec/4.1.77.Final/netty-codec-4.1.77.Final.jar:/Users/emilymorgan/.m2/repository/io/netty/netty-handler-proxy/4.1.77.Final/netty-handler-proxy-4.1.77.Final.jar:/Users/emilymorgan/.m2/repository/io/netty/netty-codec-socks/4.1.77.Final/netty-codec-socks-4.1.77.Final.jar:/Users/emilymorgan/.m2/repository/io/netty/netty-codec-http/4.1.77.Final/netty-codec-http-4.1.77.Final.jar:/Users/emilymorgan/.m2/repository/io/netty/netty-codec-http2/4.1.77.Final/netty-codec-http2-4.1.77.Final.jar:/Users/emilymorgan/.m2/repository/io/netty/netty-resolver/4.1.77.Final/netty-resolver-4.1.77.Final.jar:/Users/emilymorgan/.m2/repository/io/netty/netty-resolver-dns/4.1.77.Final/netty-resolver-dns-4.1.77.Final.jar:/Users/emilymorgan/.m2/repository/io/netty/netty-codec-dns/4.1.77.Final/netty-codec-dns-4.1.77.Final.jar:/Users/emilymorgan/.m2/repository/com/fasterxml/jackson/core/jackson-core/2.13.2/jackson-core-2.13.2.jar:/Users/emilymorgan/.m2/repository/io/vertx/vertx-web/4.3.1/vertx-web-4.3.1.jar:/Users/emilymorgan/.m2/repository/io/vertx/vertx-web-client/4.3.1/vertx-web-client-4.3.1.jar:"/>
    <property name="sun.cpu.endian" value="little"/>
    <property name="user.home" value="/Users/emilymorgan"/>
    <property name="user.language" value="en"/>
    <property name="java.specification.vendor" value="Oracle Corporation"/>
    <property name="java.version.date" value="2022-04-19"/>
    <property name="java.home" value="/Library/Java/JavaVirtualMachines/jdk-11.0.15.jdk/Contents/Home"/>
    <property name="file.separator" value="/"/>
    <property name="basedir" value="/Users/emilymorgan/Desktop/flowda/flow-core"/>
    <property name="java.vm.compressedOopsMode" value="Zero based"/>
    <property name="line.separator" value="&#10;"/>
    <property name="java.specification.name" value="Java Platform API Specification"/>
    <property name="java.vm.specification.vendor" value="Oracle Corporation"/>
    <property name="java.awt.graphicsenv" value="sun.awt.CGraphicsEnvironment"/>
    <property name="surefire.real.class.path" value="/Users/emilymorgan/Desktop/flowda/flow-core/target/surefire/surefirebooter7965193244427170138.jar"/>
    <property name="sun.management.compiler" value="HotSpot 64-Bit Tiered Compilers"/>
    <property name="ftp.nonProxyHosts" value="local|*.local|169.254/16|*.169.254/16"/>
    <property name="java.runtime.version" value="11.0.15+8-LTS-149"/>
    <property name="user.name" value="emilymorgan"/>
    <property name="path.separator" value=":"/>
    <property name="os.version" value="10.15.7"/>
    <property name="java.runtime.name" value="Java(TM) SE Runtime Environment"/>
    <property name="file.encoding" value="UTF-8"/>
    <property name="java.vm.name" value="Java HotSpot(TM) 64-Bit Server VM"/>
    <property name="java.vendor.version" value="18.9"/>
    <property name="localRepository" value="/Users/emilymorgan/.m2/repository"/>
    <property name="java.vendor.url.bug" value="https://bugreport.java.com/bugreport/"/>
    <property name="java.io.tmpdir" value="/var/folders/vl/lr03pmds12g0r1fcsp89w9p00000gn/T/"/>
    <property name="java.version" value="11.0.15"/>
    <property name="user.dir" value="/Users/emilymorgan/Desktop/flowda/flow-core"/>
    <property name="os.arch" value="x86_64"/>
    <property name="java.vm.specification.name" value="Java Virtual Machine Specification"/>
    <property name="java.awt.printerjob" value="sun.lwawt.macosx.CPrinterJob"/>
    <property name="sun.os.patch.level" value="unknown"/>
    <property name="java.library.path" value="/Users/emilymorgan/Library/Java/Extensions:/Library/Java/Extensions:/Network/Library/Java/Extensions:/System/Library/Java/Extensions:/usr/lib/java:."/>
    <property name="java.vendor" value="Oracle Corporation"/>
    <property name="java.vm.info" value="mixed mode"/>
    <property name="java.vm.version" value="11.0.15+8-LTS-149"/>
    <property name="sun.io.unicode.encoding" value="UnicodeBig"/>
    <property name="java.class.version" value="55.0"/>
    <property name="socksNonProxyHosts" value="local|*.local|169.254/16|*.169.254/16"/>
  </properties>
  <testcase name="testSucceedsWithValidArugmentsQuery" classname="CreateQueryEndpointTest" time="0.162"/>
</testsuite>